[ 2019-01-02T22:06:50+08:00 ][ sql ] [ DB ] CONNECT:[ UseTime:0.001864s ] mysql:host=127.0.0.1;dbname=fastadmin;charset=utf8
[ 2019-01-02T22:06:50+08:00 ][ sql ] [ SQL ] SHOW TABLE STATUS LIKE 'd_order_delivery' [ RunTime:0.002219s ]
[ 2019-01-02T22:06:50+08:00 ][ sql ] [ SQL ] SHOW TABLE STATUS LIKE 'fa_d_order_delivery' [ RunTime:0.000547s ]
[ 2019-01-02T22:07:24+08:00 ][ sql ] [ DB ] CONNECT:[ UseTime:0.000855s ] mysql:host=127.0.0.1;dbname=fastadmin;charset=utf8
[ 2019-01-02T22:07:24+08:00 ][ sql ] [ SQL ] SHOW TABLE STATUS LIKE 'd_order_delivery' [ RunTime:0.000586s ]
[ 2019-01-02T22:07:24+08:00 ][ sql ] [ SQL ] SHOW TABLE STATUS LIKE 'fa_d_order_delivery' [ RunTime:0.000503s ]
[ 2019-01-02T22:08:13+08:00 ][ sql ] [ DB ] CONNECT:[ UseTime:0.000829s ] mysql:host=127.0.0.1;dbname=fastadmin;charset=utf8
[ 2019-01-02T22:08:13+08:00 ][ sql ] [ SQL ] SHOW TABLE STATUS LIKE 'd_order_delivery' [ RunTime:0.000670s ]
[ 2019-01-02T22:08:13+08:00 ][ sql ] [ SQL ] SHOW TABLE STATUS LIKE 'fa_d_order_delivery' [ RunTime:0.000638s ]
[ 2019-01-02T22:08:13+08:00 ][ sql ] [ SQL ] SELECT * FROM `information_schema`.`columns` WHERE TABLE_SCHEMA = 'fastadmin' AND table_name = 'fa_d_order_delivery' ORDER BY ORDINAL_POSITION [ RunTime:0.001448s ]
[ 2019-01-02T22:10:30+08:00 ][ sql ] [ DB ] CONNECT:[ UseTime:0.001774s ] mysql:host=127.0.0.1;dbname=fastadmin;charset=utf8
[ 2019-01-02T22:10:30+08:00 ][ sql ] [ SQL ] SHOW TABLE STATUS LIKE 'd_order_delivery' [ RunTime:0.000719s ]
[ 2019-01-02T22:10:30+08:00 ][ sql ] [ SQL ] SHOW TABLE STATUS LIKE 'fa_d_order_delivery' [ RunTime:0.000606s ]
[ 2019-01-02T22:11:20+08:00 ][ sql ] [ DB ] CONNECT:[ UseTime:0.001132s ] mysql:host=127.0.0.1;dbname=fastadmin;charset=utf8
[ 2019-01-02T22:11:20+08:00 ][ sql ] [ SQL ] SHOW TABLE STATUS LIKE 'd_order_delivery' [ RunTime:0.000725s ]
[ 2019-01-02T22:11:20+08:00 ][ sql ] [ SQL ] SHOW TABLE STATUS LIKE 'fa_d_order_delivery' [ RunTime:0.000725s ]
[ 2019-01-02T22:11:20+08:00 ][ sql ] [ SQL ] SELECT * FROM `information_schema`.`columns` WHERE TABLE_SCHEMA = 'fastadmin' AND table_name = 'fa_d_order_delivery' ORDER BY ORDINAL_POSITION [ RunTime:0.000983s ]
[ 2019-01-02T22:11:21+08:00 ][ sql ] [ DB ] CONNECT:[ UseTime:0.001215s ] mysql:host=127.0.0.1;dbname=fastadmin;charset=utf8
[ 2019-01-02T22:11:21+08:00 ][ sql ] [ SQL ] SHOW COLUMNS FROM `fa_auth_rule` [ RunTime:0.000804s ]
[ 2019-01-02T22:11:21+08:00 ][ sql ] [ SQL ] SELECT * FROM `fa_auth_rule` WHERE  `name` = 'd' LIMIT 1 [ RunTime:0.000502s ]
[ 2019-01-02T22:11:21+08:00 ][ sql ] [ SQL ] INSERT INTO `fa_auth_rule` (`pid` , `name` , `title` , `icon` , `remark` , `ismenu` , `status` , `createtime` , `updatetime`) VALUES (0 , 'd' , 'd' , 'fa fa-list' , '' , 1 , 'normal' , 1546438281 , 1546438281) [ RunTime:0.001037s ]
[ 2019-01-02T22:11:21+08:00 ][ sql ] [ SQL ] SELECT * FROM `fa_auth_rule` WHERE  `name` = 'd/order' LIMIT 1 [ RunTime:0.000504s ]
[ 2019-01-02T22:11:21+08:00 ][ sql ] [ SQL ] INSERT INTO `fa_auth_rule` (`pid` , `name` , `title` , `icon` , `remark` , `ismenu` , `status` , `createtime` , `updatetime`) VALUES (85 , 'd/order' , 'order' , 'fa fa-list' , '' , 1 , 'normal' , 1546438281 , 1546438281) [ RunTime:0.000530s ]
[ 2019-01-02T22:11:21+08:00 ][ sql ] [ SQL ] SELECT * FROM `fa_auth_rule` WHERE  `name` = 'd/order/delivery' LIMIT 1 [ RunTime:0.000479s ]
[ 2019-01-02T22:11:21+08:00 ][ sql ] [ SQL ] INSERT INTO `fa_auth_rule` (`pid` , `name` , `title` , `icon` , `remark` , `ismenu` , `status` , `createtime` , `updatetime`) VALUES (86 , 'd/order/delivery' , '配送单管理' , 'fa fa-circle-o' , '' , 1 , 'normal' , 1546438281 , 1546438281) [ RunTime:0.000526s ]
[ 2019-01-02T22:11:21+08:00 ][ sql ] [ SQL ] SELECT `id` FROM `fa_auth_rule` WHERE  `name` = 'd/order/delivery/index' LIMIT 1 [ RunTime:0.000355s ]
[ 2019-01-02T22:11:21+08:00 ][ sql ] [ SQL ] SELECT `id` FROM `fa_auth_rule` WHERE  `name` = 'd/order/delivery/add' LIMIT 1 [ RunTime:0.000330s ]
[ 2019-01-02T22:11:21+08:00 ][ sql ] [ SQL ] SELECT `id` FROM `fa_auth_rule` WHERE  `name` = 'd/order/delivery/edit' LIMIT 1 [ RunTime:0.000311s ]
[ 2019-01-02T22:11:21+08:00 ][ sql ] [ SQL ] SELECT `id` FROM `fa_auth_rule` WHERE  `name` = 'd/order/delivery/del' LIMIT 1 [ RunTime:0.000320s ]
[ 2019-01-02T22:11:21+08:00 ][ sql ] [ SQL ] SELECT `id` FROM `fa_auth_rule` WHERE  `name` = 'd/order/delivery/multi' LIMIT 1 [ RunTime:0.000343s ]
[ 2019-01-02T22:11:21+08:00 ][ sql ] [ SQL ] INSERT INTO `fa_auth_rule` (`id` , `pid` , `name` , `icon` , `title` , `ismenu` , `status` , `createtime` , `updatetime`) VALUES (NULL , 87 , 'd/order/delivery/index' , 'fa fa-circle-o' , '查看' , 0 , 'normal' , 1546438281 , 1546438281) [ RunTime:0.000377s ]
[ 2019-01-02T22:11:21+08:00 ][ sql ] [ SQL ] INSERT INTO `fa_auth_rule` (`id` , `pid` , `name` , `icon` , `title` , `ismenu` , `status` , `createtime` , `updatetime`) VALUES (NULL , 87 , 'd/order/delivery/add' , 'fa fa-circle-o' , '添加' , 0 , 'normal' , 1546438281 , 1546438281) [ RunTime:0.000153s ]
[ 2019-01-02T22:11:21+08:00 ][ sql ] [ SQL ] INSERT INTO `fa_auth_rule` (`id` , `pid` , `name` , `icon` , `title` , `ismenu` , `status` , `createtime` , `updatetime`) VALUES (NULL , 87 , 'd/order/delivery/edit' , 'fa fa-circle-o' , '编辑' , 0 , 'normal' , 1546438281 , 1546438281) [ RunTime:0.000146s ]
[ 2019-01-02T22:11:21+08:00 ][ sql ] [ SQL ] INSERT INTO `fa_auth_rule` (`id` , `pid` , `name` , `icon` , `title` , `ismenu` , `status` , `createtime` , `updatetime`) VALUES (NULL , 87 , 'd/order/delivery/del' , 'fa fa-circle-o' , '删除' , 0 , 'normal' , 1546438281 , 1546438281) [ RunTime:0.000145s ]
[ 2019-01-02T22:11:21+08:00 ][ sql ] [ SQL ] INSERT INTO `fa_auth_rule` (`id` , `pid` , `name` , `icon` , `title` , `ismenu` , `status` , `createtime` , `updatetime`) VALUES (NULL , 87 , 'd/order/delivery/multi' , 'fa fa-circle-o' , '批量更新' , 0 , 'normal' , 1546438281 , 1546438281) [ RunTime:0.000148s ]
[ 2019-01-02T22:14:28+08:00 ][ sql ] [ DB ] CONNECT:[ UseTime:0.001984s ] mysql:host=127.0.0.1;dbname=fastadmin;charset=utf8
[ 2019-01-02T22:14:28+08:00 ][ sql ] [ SQL ] SHOW TABLE STATUS LIKE 'd_user_delivery' [ RunTime:0.000868s ]
[ 2019-01-02T22:14:28+08:00 ][ sql ] [ SQL ] SELECT * FROM `information_schema`.`columns` WHERE TABLE_SCHEMA = 'fastadmin' AND table_name = 'd_user_delivery' ORDER BY ORDINAL_POSITION [ RunTime:0.000882s ]
[ 2019-01-02T22:14:29+08:00 ][ sql ] [ DB ] CONNECT:[ UseTime:0.001286s ] mysql:host=127.0.0.1;dbname=fastadmin;charset=utf8
[ 2019-01-02T22:14:29+08:00 ][ sql ] [ SQL ] SHOW COLUMNS FROM `fa_auth_rule` [ RunTime:0.000741s ]
[ 2019-01-02T22:14:29+08:00 ][ sql ] [ SQL ] SELECT * FROM `fa_auth_rule` WHERE  `name` = 'd' LIMIT 1 [ RunTime:0.000510s ]
[ 2019-01-02T22:14:29+08:00 ][ sql ] [ SQL ] SELECT * FROM `fa_auth_rule` WHERE  `name` = 'd/user' LIMIT 1 [ RunTime:0.000457s ]
[ 2019-01-02T22:14:29+08:00 ][ sql ] [ SQL ] INSERT INTO `fa_auth_rule` (`pid` , `name` , `title` , `icon` , `remark` , `ismenu` , `status` , `createtime` , `updatetime`) VALUES (85 , 'd/user' , 'user' , 'fa fa-list' , '' , 1 , 'normal' , 1546438469 , 1546438469) [ RunTime:0.000826s ]
[ 2019-01-02T22:14:29+08:00 ][ sql ] [ SQL ] SELECT * FROM `fa_auth_rule` WHERE  `name` = 'd/user/delivery' LIMIT 1 [ RunTime:0.000571s ]
[ 2019-01-02T22:14:29+08:00 ][ sql ] [ SQL ] INSERT INTO `fa_auth_rule` (`pid` , `name` , `title` , `icon` , `remark` , `ismenu` , `status` , `createtime` , `updatetime`) VALUES (93 , 'd/user/delivery' , '配送员管理' , 'fa fa-circle-o' , '' , 1 , 'normal' , 1546438469 , 1546438469) [ RunTime:0.000652s ]
[ 2019-01-02T22:14:29+08:00 ][ sql ] [ SQL ] SELECT `id` FROM `fa_auth_rule` WHERE  `name` = 'd/user/delivery/index' LIMIT 1 [ RunTime:0.000406s ]
[ 2019-01-02T22:14:29+08:00 ][ sql ] [ SQL ] SELECT `id` FROM `fa_auth_rule` WHERE  `name` = 'd/user/delivery/add' LIMIT 1 [ RunTime:0.000319s ]
[ 2019-01-02T22:14:29+08:00 ][ sql ] [ SQL ] SELECT `id` FROM `fa_auth_rule` WHERE  `name` = 'd/user/delivery/edit' LIMIT 1 [ RunTime:0.000349s ]
[ 2019-01-02T22:14:29+08:00 ][ sql ] [ SQL ] SELECT `id` FROM `fa_auth_rule` WHERE  `name` = 'd/user/delivery/del' LIMIT 1 [ RunTime:0.000341s ]
[ 2019-01-02T22:14:29+08:00 ][ sql ] [ SQL ] SELECT `id` FROM `fa_auth_rule` WHERE  `name` = 'd/user/delivery/multi' LIMIT 1 [ RunTime:0.000370s ]
[ 2019-01-02T22:14:29+08:00 ][ sql ] [ SQL ] INSERT INTO `fa_auth_rule` (`id` , `pid` , `name` , `icon` , `title` , `ismenu` , `status` , `createtime` , `updatetime`) VALUES (NULL , 94 , 'd/user/delivery/index' , 'fa fa-circle-o' , '查看' , 0 , 'normal' , 1546438469 , 1546438469) [ RunTime:0.000473s ]
[ 2019-01-02T22:14:29+08:00 ][ sql ] [ SQL ] INSERT INTO `fa_auth_rule` (`id` , `pid` , `name` , `icon` , `title` , `ismenu` , `status` , `createtime` , `updatetime`) VALUES (NULL , 94 , 'd/user/delivery/add' , 'fa fa-circle-o' , '添加' , 0 , 'normal' , 1546438469 , 1546438469) [ RunTime:0.000292s ]
[ 2019-01-02T22:14:29+08:00 ][ sql ] [ SQL ] INSERT INTO `fa_auth_rule` (`id` , `pid` , `name` , `icon` , `title` , `ismenu` , `status` , `createtime` , `updatetime`) VALUES (NULL , 94 , 'd/user/delivery/edit' , 'fa fa-circle-o' , '编辑' , 0 , 'normal' , 1546438469 , 1546438469) [ RunTime:0.000267s ]
[ 2019-01-02T22:14:29+08:00 ][ sql ] [ SQL ] INSERT INTO `fa_auth_rule` (`id` , `pid` , `name` , `icon` , `title` , `ismenu` , `status` , `createtime` , `updatetime`) VALUES (NULL , 94 , 'd/user/delivery/del' , 'fa fa-circle-o' , '删除' , 0 , 'normal' , 1546438469 , 1546438469) [ RunTime:0.000386s ]
[ 2019-01-02T22:14:29+08:00 ][ sql ] [ SQL ] INSERT INTO `fa_auth_rule` (`id` , `pid` , `name` , `icon` , `title` , `ismenu` , `status` , `createtime` , `updatetime`) VALUES (NULL , 94 , 'd/user/delivery/multi' , 'fa fa-circle-o' , '批量更新' , 0 , 'normal' , 1546438469 , 1546438469) [ RunTime:0.000229s ]
[ 2019-01-02T22:14:38+08:00 ][ sql ] [ DB ] CONNECT:[ UseTime:0.001278s ] mysql:host=127.0.0.1;dbname=fastadmin;charset=utf8
[ 2019-01-02T22:14:38+08:00 ][ sql ] [ SQL ] SHOW TABLE STATUS LIKE 'd_user_delivery_identification' [ RunTime:0.001133s ]
[ 2019-01-02T22:14:38+08:00 ][ sql ] [ SQL ] SELECT * FROM `information_schema`.`columns` WHERE TABLE_SCHEMA = 'fastadmin' AND table_name = 'd_user_delivery_identification' ORDER BY ORDINAL_POSITION [ RunTime:0.000934s ]
[ 2019-01-02T22:14:38+08:00 ][ sql ] [ DB ] CONNECT:[ UseTime:0.001294s ] mysql:host=127.0.0.1;dbname=fastadmin;charset=utf8
[ 2019-01-02T22:14:38+08:00 ][ sql ] [ SQL ] SHOW COLUMNS FROM `fa_auth_rule` [ RunTime:0.000813s ]
[ 2019-01-02T22:14:38+08:00 ][ sql ] [ SQL ] SELECT * FROM `fa_auth_rule` WHERE  `name` = 'd' LIMIT 1 [ RunTime:0.000554s ]
[ 2019-01-02T22:14:38+08:00 ][ sql ] [ SQL ] SELECT * FROM `fa_auth_rule` WHERE  `name` = 'd/user' LIMIT 1 [ RunTime:0.000469s ]
[ 2019-01-02T22:14:38+08:00 ][ sql ] [ SQL ] SELECT * FROM `fa_auth_rule` WHERE  `name` = 'd/user/delivery' LIMIT 1 [ RunTime:0.000482s ]
[ 2019-01-02T22:14:38+08:00 ][ sql ] [ SQL ] SELECT * FROM `fa_auth_rule` WHERE  `name` = 'd/user/delivery/identification' LIMIT 1 [ RunTime:0.000413s ]
[ 2019-01-02T22:14:38+08:00 ][ sql ] [ SQL ] INSERT INTO `fa_auth_rule` (`pid` , `name` , `title` , `icon` , `remark` , `ismenu` , `status` , `createtime` , `updatetime`) VALUES (94 , 'd/user/delivery/identification' , '配送员认证管理' , 'fa fa-circle-o' , '' , 1 , 'normal' , 1546438478 , 1546438478) [ RunTime:0.000685s ]
[ 2019-01-02T22:14:38+08:00 ][ sql ] [ SQL ] SELECT `id` FROM `fa_auth_rule` WHERE  `name` = 'd/user/delivery/identification/index' LIMIT 1 [ RunTime:0.000409s ]
[ 2019-01-02T22:14:38+08:00 ][ sql ] [ SQL ] SELECT `id` FROM `fa_auth_rule` WHERE  `name` = 'd/user/delivery/identification/add' LIMIT 1 [ RunTime:0.000409s ]
[ 2019-01-02T22:14:38+08:00 ][ sql ] [ SQL ] SELECT `id` FROM `fa_auth_rule` WHERE  `name` = 'd/user/delivery/identification/edit' LIMIT 1 [ RunTime:0.000379s ]
[ 2019-01-02T22:14:38+08:00 ][ sql ] [ SQL ] SELECT `id` FROM `fa_auth_rule` WHERE  `name` = 'd/user/delivery/identification/del' LIMIT 1 [ RunTime:0.000410s ]
[ 2019-01-02T22:14:38+08:00 ][ sql ] [ SQL ] SELECT `id` FROM `fa_auth_rule` WHERE  `name` = 'd/user/delivery/identification/multi' LIMIT 1 [ RunTime:0.000421s ]
[ 2019-01-02T22:14:38+08:00 ][ sql ] [ SQL ] INSERT INTO `fa_auth_rule` (`id` , `pid` , `name` , `icon` , `title` , `ismenu` , `status` , `createtime` , `updatetime`) VALUES (NULL , 100 , 'd/user/delivery/identification/index' , 'fa fa-circle-o' , '查看' , 0 , 'normal' , 1546438478 , 1546438478) [ RunTime:0.000393s ]
[ 2019-01-02T22:14:38+08:00 ][ sql ] [ SQL ] INSERT INTO `fa_auth_rule` (`id` , `pid` , `name` , `icon` , `title` , `ismenu` , `status` , `createtime` , `updatetime`) VALUES (NULL , 100 , 'd/user/delivery/identification/add' , 'fa fa-circle-o' , '添加' , 0 , 'normal' , 1546438478 , 1546438478) [ RunTime:0.000219s ]
[ 2019-01-02T22:14:38+08:00 ][ sql ] [ SQL ] INSERT INTO `fa_auth_rule` (`id` , `pid` , `name` , `icon` , `title` , `ismenu` , `status` , `createtime` , `updatetime`) VALUES (NULL , 100 , 'd/user/delivery/identification/edit' , 'fa fa-circle-o' , '编辑' , 0 , 'normal' , 1546438478 , 1546438478) [ RunTime:0.000236s ]
[ 2019-01-02T22:14:38+08:00 ][ sql ] [ SQL ] INSERT INTO `fa_auth_rule` (`id` , `pid` , `name` , `icon` , `title` , `ismenu` , `status` , `createtime` , `updatetime`) VALUES (NULL , 100 , 'd/user/delivery/identification/del' , 'fa fa-circle-o' , '删除' , 0 , 'normal' , 1546438478 , 1546438478) [ RunTime:0.000207s ]
[ 2019-01-02T22:14:38+08:00 ][ sql ] [ SQL ] INSERT INTO `fa_auth_rule` (`id` , `pid` , `name` , `icon` , `title` , `ismenu` , `status` , `createtime` , `updatetime`) VALUES (NULL , 100 , 'd/user/delivery/identification/multi' , 'fa fa-circle-o' , '批量更新' , 0 , 'normal' , 1546438478 , 1546438478) [ RunTime:0.000192s ]
[ 2019-01-02T22:16:33+08:00 ][ sql ] [ DB ] CONNECT:[ UseTime:0.001977s ] mysql:host=127.0.0.1;dbname=fastadmin;charset=utf8
[ 2019-01-02T22:16:33+08:00 ][ sql ] [ SQL ] SHOW TABLE STATUS LIKE 'd_trace_income' [ RunTime:0.000975s ]
[ 2019-01-02T22:16:33+08:00 ][ sql ] [ SQL ] SELECT * FROM `information_schema`.`columns` WHERE TABLE_SCHEMA = 'fastadmin' AND table_name = 'd_trace_income' ORDER BY ORDINAL_POSITION [ RunTime:0.000996s ]
[ 2019-01-02T22:16:33+08:00 ][ sql ] [ DB ] CONNECT:[ UseTime:0.001254s ] mysql:host=127.0.0.1;dbname=fastadmin;charset=utf8
[ 2019-01-02T22:16:33+08:00 ][ sql ] [ SQL ] SHOW COLUMNS FROM `fa_auth_rule` [ RunTime:0.000830s ]
[ 2019-01-02T22:16:33+08:00 ][ sql ] [ SQL ] SELECT * FROM `fa_auth_rule` WHERE  `name` = 'd' LIMIT 1 [ RunTime:0.000530s ]
[ 2019-01-02T22:16:33+08:00 ][ sql ] [ SQL ] SELECT * FROM `fa_auth_rule` WHERE  `name` = 'd/trace' LIMIT 1 [ RunTime:0.000488s ]
[ 2019-01-02T22:16:33+08:00 ][ sql ] [ SQL ] INSERT INTO `fa_auth_rule` (`pid` , `name` , `title` , `icon` , `remark` , `ismenu` , `status` , `createtime` , `updatetime`) VALUES (85 , 'd/trace' , 'trace' , 'fa fa-list' , '' , 1 , 'normal' , 1546438593 , 1546438593) [ RunTime:0.000772s ]
[ 2019-01-02T22:16:33+08:00 ][ sql ] [ SQL ] SELECT * FROM `fa_auth_rule` WHERE  `name` = 'd/trace/income' LIMIT 1 [ RunTime:0.000521s ]
[ 2019-01-02T22:16:33+08:00 ][ sql ] [ SQL ] INSERT INTO `fa_auth_rule` (`pid` , `name` , `title` , `icon` , `remark` , `ismenu` , `status` , `createtime` , `updatetime`) VALUES (106 , 'd/trace/income' , '收入流水' , 'fa fa-circle-o' , '' , 1 , 'normal' , 1546438593 , 1546438593) [ RunTime:0.000590s ]
[ 2019-01-02T22:16:33+08:00 ][ sql ] [ SQL ] SELECT `id` FROM `fa_auth_rule` WHERE  `name` = 'd/trace/income/index' LIMIT 1 [ RunTime:0.000395s ]
[ 2019-01-02T22:16:33+08:00 ][ sql ] [ SQL ] SELECT `id` FROM `fa_auth_rule` WHERE  `name` = 'd/trace/income/add' LIMIT 1 [ RunTime:0.000367s ]
[ 2019-01-02T22:16:33+08:00 ][ sql ] [ SQL ] SELECT `id` FROM `fa_auth_rule` WHERE  `name` = 'd/trace/income/edit' LIMIT 1 [ RunTime:0.000386s ]
[ 2019-01-02T22:16:33+08:00 ][ sql ] [ SQL ] SELECT `id` FROM `fa_auth_rule` WHERE  `name` = 'd/trace/income/del' LIMIT 1 [ RunTime:0.000348s ]
[ 2019-01-02T22:16:33+08:00 ][ sql ] [ SQL ] SELECT `id` FROM `fa_auth_rule` WHERE  `name` = 'd/trace/income/multi' LIMIT 1 [ RunTime:0.000357s ]
[ 2019-01-02T22:16:33+08:00 ][ sql ] [ SQL ] INSERT INTO `fa_auth_rule` (`id` , `pid` , `name` , `icon` , `title` , `ismenu` , `status` , `createtime` , `updatetime`) VALUES (NULL , 107 , 'd/trace/income/index' , 'fa fa-circle-o' , '查看' , 0 , 'normal' , 1546438593 , 1546438593) [ RunTime:0.000397s ]
[ 2019-01-02T22:16:33+08:00 ][ sql ] [ SQL ] INSERT INTO `fa_auth_rule` (`id` , `pid` , `name` , `icon` , `title` , `ismenu` , `status` , `createtime` , `updatetime`) VALUES (NULL , 107 , 'd/trace/income/add' , 'fa fa-circle-o' , '添加' , 0 , 'normal' , 1546438593 , 1546438593) [ RunTime:0.000199s ]
[ 2019-01-02T22:16:33+08:00 ][ sql ] [ SQL ] INSERT INTO `fa_auth_rule` (`id` , `pid` , `name` , `icon` , `title` , `ismenu` , `status` , `createtime` , `updatetime`) VALUES (NULL , 107 , 'd/trace/income/edit' , 'fa fa-circle-o' , '编辑' , 0 , 'normal' , 1546438593 , 1546438593) [ RunTime:0.000189s ]
[ 2019-01-02T22:16:33+08:00 ][ sql ] [ SQL ] INSERT INTO `fa_auth_rule` (`id` , `pid` , `name` , `icon` , `title` , `ismenu` , `status` , `createtime` , `updatetime`) VALUES (NULL , 107 , 'd/trace/income/del' , 'fa fa-circle-o' , '删除' , 0 , 'normal' , 1546438593 , 1546438593) [ RunTime:0.000234s ]
[ 2019-01-02T22:16:33+08:00 ][ sql ] [ SQL ] INSERT INTO `fa_auth_rule` (`id` , `pid` , `name` , `icon` , `title` , `ismenu` , `status` , `createtime` , `updatetime`) VALUES (NULL , 107 , 'd/trace/income/multi' , 'fa fa-circle-o' , '批量更新' , 0 , 'normal' , 1546438593 , 1546438593) [ RunTime:0.000213s ]
[ 2019-01-02T22:17:21+08:00 ][ sql ] [ DB ] CONNECT:[ UseTime:0.001208s ] mysql:host=127.0.0.1;dbname=fastadmin;charset=utf8
[ 2019-01-02T22:17:21+08:00 ][ sql ] [ SQL ] SHOW TABLE STATUS LIKE 'd_user_delivery' [ RunTime:0.000858s ]
[ 2019-01-02T22:17:21+08:00 ][ sql ] [ SQL ] SELECT * FROM `information_schema`.`columns` WHERE TABLE_SCHEMA = 'fastadmin' AND table_name = 'd_user_delivery' ORDER BY ORDINAL_POSITION [ RunTime:0.000921s ]
[ 2019-01-02T22:17:21+08:00 ][ sql ] [ DB ] CONNECT:[ UseTime:0.001247s ] mysql:host=127.0.0.1;dbname=fastadmin;charset=utf8
[ 2019-01-02T22:17:21+08:00 ][ sql ] [ SQL ] SHOW COLUMNS FROM `fa_auth_rule` [ RunTime:0.000764s ]
[ 2019-01-02T22:17:21+08:00 ][ sql ] [ SQL ] SELECT * FROM `fa_auth_rule` WHERE  `name` = 'd' LIMIT 1 [ RunTime:0.000487s ]
[ 2019-01-02T22:17:21+08:00 ][ sql ] [ SQL ] SELECT * FROM `fa_auth_rule` WHERE  `name` = 'd/user' LIMIT 1 [ RunTime:0.000460s ]
[ 2019-01-02T22:17:21+08:00 ][ sql ] [ SQL ] SELECT * FROM `fa_auth_rule` WHERE  `name` = 'd/user/delivery' LIMIT 1 [ RunTime:0.000477s ]
[ 2019-01-02T22:17:21+08:00 ][ sql ] [ SQL ] SELECT `id` FROM `fa_auth_rule` WHERE  `name` = 'd/user/delivery/index' LIMIT 1 [ RunTime:0.000385s ]
[ 2019-01-02T22:17:21+08:00 ][ sql ] [ SQL ] SELECT `id` FROM `fa_auth_rule` WHERE  `name` = 'd/user/delivery/add' LIMIT 1 [ RunTime:0.000370s ]
[ 2019-01-02T22:17:21+08:00 ][ sql ] [ SQL ] SELECT `id` FROM `fa_auth_rule` WHERE  `name` = 'd/user/delivery/edit' LIMIT 1 [ RunTime:0.000358s ]
[ 2019-01-02T22:17:21+08:00 ][ sql ] [ SQL ] SELECT `id` FROM `fa_auth_rule` WHERE  `name` = 'd/user/delivery/del' LIMIT 1 [ RunTime:0.000358s ]
[ 2019-01-02T22:17:21+08:00 ][ sql ] [ SQL ] SELECT `id` FROM `fa_auth_rule` WHERE  `name` = 'd/user/delivery/multi' LIMIT 1 [ RunTime:0.000343s ]
[ 2019-01-02T22:17:21+08:00 ][ sql ] [ SQL ] UPDATE `fa_auth_rule`  SET `pid`=94,`name`='d/user/delivery/index',`icon`='fa fa-circle-o',`title`='查看',`ismenu`=0,`status`='normal',`updatetime`=1546438641  WHERE  `id` = 95 [ RunTime:0.000405s ]
[ 2019-01-02T22:17:21+08:00 ][ sql ] [ SQL ] UPDATE `fa_auth_rule`  SET `pid`=94,`name`='d/user/delivery/add',`icon`='fa fa-circle-o',`title`='添加',`ismenu`=0,`status`='normal',`updatetime`=1546438641  WHERE  `id` = 96 [ RunTime:0.000215s ]
[ 2019-01-02T22:17:21+08:00 ][ sql ] [ SQL ] UPDATE `fa_auth_rule`  SET `pid`=94,`name`='d/user/delivery/edit',`icon`='fa fa-circle-o',`title`='编辑',`ismenu`=0,`status`='normal',`updatetime`=1546438641  WHERE  `id` = 97 [ RunTime:0.000262s ]
[ 2019-01-02T22:17:21+08:00 ][ sql ] [ SQL ] UPDATE `fa_auth_rule`  SET `pid`=94,`name`='d/user/delivery/del',`icon`='fa fa-circle-o',`title`='删除',`ismenu`=0,`status`='normal',`updatetime`=1546438641  WHERE  `id` = 98 [ RunTime:0.000248s ]
[ 2019-01-02T22:17:21+08:00 ][ sql ] [ SQL ] UPDATE `fa_auth_rule`  SET `pid`=94,`name`='d/user/delivery/multi',`icon`='fa fa-circle-o',`title`='批量更新',`ismenu`=0,`status`='normal',`updatetime`=1546438641  WHERE  `id` = 99 [ RunTime:0.000249s ]
[ 2019-01-02T22:19:59+08:00 ][ sql ] [ DB ] CONNECT:[ UseTime:0.001797s ] mysql:host=127.0.0.1;dbname=fastadmin;charset=utf8
[ 2019-01-02T22:19:59+08:00 ][ sql ] [ SQL ] SHOW COLUMNS FROM `fa_auth_rule` [ RunTime:0.000862s ]
[ 2019-01-02T22:19:59+08:00 ][ sql ] [ SQL ] DELETE FROM `fa_auth_rule`    WHERE  `id` > 0 [ RunTime:0.002491s ]
[ 2019-01-02T22:19:59+08:00 ][ sql ] [ SQL ] SELECT * FROM `fa_auth_rule` WHERE  `name` = 'addon' LIMIT 1 [ RunTime:0.000536s ]
[ 2019-01-02T22:19:59+08:00 ][ sql ] [ SQL ] INSERT INTO `fa_auth_rule` (`pid` , `name` , `title` , `icon` , `remark` , `ismenu` , `status` , `createtime` , `updatetime`) VALUES (0 , 'addon' , '插件管理' , 'fa fa-circle-o' , '可在线安装、卸载、禁用、启用插件，同时支持添加本地插件。FastAdmin已上线插件商店 ，你可以发布你的免费或付费插件：<a href=\"https://www.fastadmin.net/store.html\" target=\"_blank\">https://www.fastadmin.net/store.html</a>' , 1 , 'normal' , 1546438799 , 1546438799) [ RunTime:0.000772s ]
[ 2019-01-02T22:19:59+08:00 ][ sql ] [ SQL ] SELECT `id` FROM `fa_auth_rule` WHERE  `name` = 'addon/index' LIMIT 1 [ RunTime:0.000390s ]
[ 2019-01-02T22:19:59+08:00 ][ sql ] [ SQL ] SELECT `id` FROM `fa_auth_rule` WHERE  `name` = 'addon/config' LIMIT 1 [ RunTime:0.000435s ]
[ 2019-01-02T22:19:59+08:00 ][ sql ] [ SQL ] SELECT `id` FROM `fa_auth_rule` WHERE  `name` = 'addon/install' LIMIT 1 [ RunTime:0.000354s ]
[ 2019-01-02T22:19:59+08:00 ][ sql ] [ SQL ] SELECT `id` FROM `fa_auth_rule` WHERE  `name` = 'addon/uninstall' LIMIT 1 [ RunTime:0.000376s ]
[ 2019-01-02T22:19:59+08:00 ][ sql ] [ SQL ] SELECT `id` FROM `fa_auth_rule` WHERE  `name` = 'addon/state' LIMIT 1 [ RunTime:0.000356s ]
[ 2019-01-02T22:19:59+08:00 ][ sql ] [ SQL ] SELECT `id` FROM `fa_auth_rule` WHERE  `name` = 'addon/local' LIMIT 1 [ RunTime:0.000394s ]
[ 2019-01-02T22:19:59+08:00 ][ sql ] [ SQL ] SELECT `id` FROM `fa_auth_rule` WHERE  `name` = 'addon/upgrade' LIMIT 1 [ RunTime:0.000359s ]
[ 2019-01-02T22:19:59+08:00 ][ sql ] [ SQL ] SELECT `id` FROM `fa_auth_rule` WHERE  `name` = 'addon/downloaded' LIMIT 1 [ RunTime:0.000366s ]
[ 2019-01-02T22:19:59+08:00 ][ sql ] [ SQL ] SELECT `id` FROM `fa_auth_rule` WHERE  `name` = 'addon/add' LIMIT 1 [ RunTime:0.000380s ]
[ 2019-01-02T22:19:59+08:00 ][ sql ] [ SQL ] SELECT `id` FROM `fa_auth_rule` WHERE  `name` = 'addon/edit' LIMIT 1 [ RunTime:0.000344s ]
[ 2019-01-02T22:19:59+08:00 ][ sql ] [ SQL ] SELECT `id` FROM `fa_auth_rule` WHERE  `name` = 'addon/del' LIMIT 1 [ RunTime:0.000361s ]
[ 2019-01-02T22:19:59+08:00 ][ sql ] [ SQL ] SELECT `id` FROM `fa_auth_rule` WHERE  `name` = 'addon/multi' LIMIT 1 [ RunTime:0.000350s ]
[ 2019-01-02T22:19:59+08:00 ][ sql ] [ SQL ] INSERT INTO `fa_auth_rule` (`id` , `pid` , `name` , `icon` , `title` , `ismenu` , `status` , `createtime` , `updatetime`) VALUES (NULL , 113 , 'addon/index' , 'fa fa-circle-o' , '查看' , 0 , 'normal' , 1546438799 , 1546438799) [ RunTime:0.000425s ]
[ 2019-01-02T22:19:59+08:00 ][ sql ] [ SQL ] INSERT INTO `fa_auth_rule` (`id` , `pid` , `name` , `icon` , `title` , `ismenu` , `status` , `createtime` , `updatetime`) VALUES (NULL , 113 , 'addon/config' , 'fa fa-circle-o' , '配置' , 0 , 'normal' , 1546438799 , 1546438799) [ RunTime:0.000229s ]
[ 2019-01-02T22:19:59+08:00 ][ sql ] [ SQL ] INSERT INTO `fa_auth_rule` (`id` , `pid` , `name` , `icon` , `title` , `ismenu` , `status` , `createtime` , `updatetime`) VALUES (NULL , 113 , 'addon/install' , 'fa fa-circle-o' , '安装' , 0 , 'normal' , 1546438799 , 1546438799) [ RunTime:0.000167s ]
[ 2019-01-02T22:19:59+08:00 ][ sql ] [ SQL ] INSERT INTO `fa_auth_rule` (`id` , `pid` , `name` , `icon` , `title` , `ismenu` , `status` , `createtime` , `updatetime`) VALUES (NULL , 113 , 'addon/uninstall' , 'fa fa-circle-o' , '卸载' , 0 , 'normal' , 1546438799 , 1546438799) [ RunTime:0.000161s ]
[ 2019-01-02T22:19:59+08:00 ][ sql ] [ SQL ] INSERT INTO `fa_auth_rule` (`id` , `pid` , `name` , `icon` , `title` , `ismenu` , `status` , `createtime` , `updatetime`) VALUES (NULL , 113 , 'addon/state' , 'fa fa-circle-o' , '禁用启用' , 0 , 'normal' , 1546438799 , 1546438799) [ RunTime:0.000165s ]
[ 2019-01-02T22:19:59+08:00 ][ sql ] [ SQL ] INSERT INTO `fa_auth_rule` (`id` , `pid` , `name` , `icon` , `title` , `ismenu` , `status` , `createtime` , `updatetime`) VALUES (NULL , 113 , 'addon/local' , 'fa fa-circle-o' , '本地上传' , 0 , 'normal' , 1546438799 , 1546438799) [ RunTime:0.000155s ]
[ 2019-01-02T22:19:59+08:00 ][ sql ] [ SQL ] INSERT INTO `fa_auth_rule` (`id` , `pid` , `name` , `icon` , `title` , `ismenu` , `status` , `createtime` , `updatetime`) VALUES (NULL , 113 , 'addon/upgrade' , 'fa fa-circle-o' , '更新插件' , 0 , 'normal' , 1546438799 , 1546438799) [ RunTime:0.000157s ]
[ 2019-01-02T22:19:59+08:00 ][ sql ] [ SQL ] INSERT INTO `fa_auth_rule` (`id` , `pid` , `name` , `icon` , `title` , `ismenu` , `status` , `createtime` , `updatetime`) VALUES (NULL , 113 , 'addon/downloaded' , 'fa fa-circle-o' , '已装插件' , 0 , 'normal' , 1546438799 , 1546438799) [ RunTime:0.000152s ]
[ 2019-01-02T22:19:59+08:00 ][ sql ] [ SQL ] INSERT INTO `fa_auth_rule` (`id` , `pid` , `name` , `icon` , `title` , `ismenu` , `status` , `createtime` , `updatetime`) VALUES (NULL , 113 , 'addon/add' , 'fa fa-circle-o' , '添加' , 0 , 'normal' , 1546438799 , 1546438799) [ RunTime:0.000151s ]
[ 2019-01-02T22:19:59+08:00 ][ sql ] [ SQL ] INSERT INTO `fa_auth_rule` (`id` , `pid` , `name` , `icon` , `title` , `ismenu` , `status` , `createtime` , `updatetime`) VALUES (NULL , 113 , 'addon/edit' , 'fa fa-circle-o' , '编辑' , 0 , 'normal' , 1546438799 , 1546438799) [ RunTime:0.000151s ]
[ 2019-01-02T22:19:59+08:00 ][ sql ] [ SQL ] INSERT INTO `fa_auth_rule` (`id` , `pid` , `name` , `icon` , `title` , `ismenu` , `status` , `createtime` , `updatetime`) VALUES (NULL , 113 , 'addon/del' , 'fa fa-circle-o' , '删除' , 0 , 'normal' , 1546438799 , 1546438799) [ RunTime:0.000150s ]
[ 2019-01-02T22:19:59+08:00 ][ sql ] [ SQL ] INSERT INTO `fa_auth_rule` (`id` , `pid` , `name` , `icon` , `title` , `ismenu` , `status` , `createtime` , `updatetime`) VALUES (NULL , 113 , 'addon/multi' , 'fa fa-circle-o' , '批量更新' , 0 , 'normal' , 1546438799 , 1546438799) [ RunTime:0.000148s ]
[ 2019-01-02T22:19:59+08:00 ][ sql ] [ SQL ] SELECT * FROM `fa_auth_rule` WHERE  `name` = 'category' LIMIT 1 [ RunTime:0.000539s ]
[ 2019-01-02T22:19:59+08:00 ][ sql ] [ SQL ] INSERT INTO `fa_auth_rule` (`pid` , `name` , `title` , `icon` , `remark` , `ismenu` , `status` , `createtime` , `updatetime`) VALUES (0 , 'category' , '分类管理' , 'fa fa-list' , '用于统一管理网站的所有分类,分类可进行无限级分类' , 1 , 'normal' , 1546438799 , 1546438799) [ RunTime:0.000747s ]
[ 2019-01-02T22:19:59+08:00 ][ sql ] [ SQL ] SELECT `id` FROM `fa_auth_rule` WHERE  `name` = 'category/index' LIMIT 1 [ RunTime:0.000437s ]
[ 2019-01-02T22:19:59+08:00 ][ sql ] [ SQL ] SELECT `id` FROM `fa_auth_rule` WHERE  `name` = 'category/add' LIMIT 1 [ RunTime:0.000370s ]
[ 2019-01-02T22:19:59+08:00 ][ sql ] [ SQL ] SELECT `id` FROM `fa_auth_rule` WHERE  `name` = 'category/edit' LIMIT 1 [ RunTime:0.000367s ]
[ 2019-01-02T22:19:59+08:00 ][ sql ] [ SQL ] SELECT `id` FROM `fa_auth_rule` WHERE  `name` = 'category/del' LIMIT 1 [ RunTime:0.000384s ]
[ 2019-01-02T22:19:59+08:00 ][ sql ] [ SQL ] SELECT `id` FROM `fa_auth_rule` WHERE  `name` = 'category/multi' LIMIT 1 [ RunTime:0.000339s ]
[ 2019-01-02T22:19:59+08:00 ][ sql ] [ SQL ] INSERT INTO `fa_auth_rule` (`id` , `pid` , `name` , `icon` , `title` , `ismenu` , `status` , `createtime` , `updatetime`) VALUES (NULL , 126 , 'category/index' , 'fa fa-circle-o' , '查看' , 0 , 'normal' , 1546438799 , 1546438799) [ RunTime:0.000324s ]
[ 2019-01-02T22:19:59+08:00 ][ sql ] [ SQL ] INSERT INTO `fa_auth_rule` (`id` , `pid` , `name` , `icon` , `title` , `ismenu` , `status` , `createtime` , `updatetime`) VALUES (NULL , 126 , 'category/add' , 'fa fa-circle-o' , '添加' , 0 , 'normal' , 1546438799 , 1546438799) [ RunTime:0.000175s ]
[ 2019-01-02T22:19:59+08:00 ][ sql ] [ SQL ] INSERT INTO `fa_auth_rule` (`id` , `pid` , `name` , `icon` , `title` , `ismenu` , `status` , `createtime` , `updatetime`) VALUES (NULL , 126 , 'category/edit' , 'fa fa-circle-o' , '编辑' , 0 , 'normal' , 1546438799 , 1546438799) [ RunTime:0.000163s ]
[ 2019-01-02T22:19:59+08:00 ][ sql ] [ SQL ] INSERT INTO `fa_auth_rule` (`id` , `pid` , `name` , `icon` , `title` , `ismenu` , `status` , `createtime` , `updatetime`) VALUES (NULL , 126 , 'category/del' , 'fa fa-circle-o' , '删除' , 0 , 'normal' , 1546438799 , 1546438799) [ RunTime:0.000155s ]
[ 2019-01-02T22:19:59+08:00 ][ sql ] [ SQL ] INSERT INTO `fa_auth_rule` (`id` , `pid` , `name` , `icon` , `title` , `ismenu` , `status` , `createtime` , `updatetime`) VALUES (NULL , 126 , 'category/multi' , 'fa fa-circle-o' , '批量更新' , 0 , 'normal' , 1546438799 , 1546438799) [ RunTime:0.000205s ]
[ 2019-01-02T22:19:59+08:00 ][ sql ] [ SQL ] SELECT * FROM `fa_auth_rule` WHERE  `name` = 'dashboard' LIMIT 1 [ RunTime:0.000541s ]
[ 2019-01-02T22:19:59+08:00 ][ sql ] [ SQL ] INSERT INTO `fa_auth_rule` (`pid` , `name` , `title` , `icon` , `remark` , `ismenu` , `status` , `createtime` , `updatetime`) VALUES (0 , 'dashboard' , '控制台' , 'fa fa-dashboard' , '用于展示当前系统中的统计数据、统计报表及重要实时数据' , 1 , 'normal' , 1546438799 , 1546438799) [ RunTime:0.000734s ]
[ 2019-01-02T22:19:59+08:00 ][ sql ] [ SQL ] SELECT `id` FROM `fa_auth_rule` WHERE  `name` = 'dashboard/index' LIMIT 1 [ RunTime:0.000410s ]
[ 2019-01-02T22:19:59+08:00 ][ sql ] [ SQL ] SELECT `id` FROM `fa_auth_rule` WHERE  `name` = 'dashboard/add' LIMIT 1 [ RunTime:0.000343s ]
[ 2019-01-02T22:19:59+08:00 ][ sql ] [ SQL ] SELECT `id` FROM `fa_auth_rule` WHERE  `name` = 'dashboard/edit' LIMIT 1 [ RunTime:0.000366s ]
[ 2019-01-02T22:19:59+08:00 ][ sql ] [ SQL ] SELECT `id` FROM `fa_auth_rule` WHERE  `name` = 'dashboard/del' LIMIT 1 [ RunTime:0.000330s ]
[ 2019-01-02T22:19:59+08:00 ][ sql ] [ SQL ] SELECT `id` FROM `fa_auth_rule` WHERE  `name` = 'dashboard/multi' LIMIT 1 [ RunTime:0.000349s ]
[ 2019-01-02T22:19:59+08:00 ][ sql ] [ SQL ] INSERT INTO `fa_auth_rule` (`id` , `pid` , `name` , `icon` , `title` , `ismenu` , `status` , `createtime` , `updatetime`) VALUES (NULL , 132 , 'dashboard/index' , 'fa fa-circle-o' , '查看' , 0 , 'normal' , 1546438799 , 1546438799) [ RunTime:0.000360s ]
[ 2019-01-02T22:19:59+08:00 ][ sql ] [ SQL ] INSERT INTO `fa_auth_rule` (`id` , `pid` , `name` , `icon` , `title` , `ismenu` , `status` , `createtime` , `updatetime`) VALUES (NULL , 132 , 'dashboard/add' , 'fa fa-circle-o' , '添加' , 0 , 'normal' , 1546438799 , 1546438799) [ RunTime:0.000181s ]
[ 2019-01-02T22:19:59+08:00 ][ sql ] [ SQL ] INSERT INTO `fa_auth_rule` (`id` , `pid` , `name` , `icon` , `title` , `ismenu` , `status` , `createtime` , `updatetime`) VALUES (NULL , 132 , 'dashboard/edit' , 'fa fa-circle-o' , '编辑' , 0 , 'normal' , 1546438799 , 1546438799) [ RunTime:0.000176s ]
[ 2019-01-02T22:19:59+08:00 ][ sql ] [ SQL ] INSERT INTO `fa_auth_rule` (`id` , `pid` , `name` , `icon` , `title` , `ismenu` , `status` , `createtime` , `updatetime`) VALUES (NULL , 132 , 'dashboard/del' , 'fa fa-circle-o' , '删除' , 0 , 'normal' , 1546438799 , 1546438799) [ RunTime:0.000174s ]
[ 2019-01-02T22:19:59+08:00 ][ sql ] [ SQL ] INSERT INTO `fa_auth_rule` (`id` , `pid` , `name` , `icon` , `title` , `ismenu` , `status` , `createtime` , `updatetime`) VALUES (NULL , 132 , 'dashboard/multi' , 'fa fa-circle-o' , '批量更新' , 0 , 'normal' , 1546438799 , 1546438799) [ RunTime:0.000208s ]
[ 2019-01-02T22:19:59+08:00 ][ sql ] [ SQL ] SELECT * FROM `fa_auth_rule` WHERE  `name` = 'auth' LIMIT 1 [ RunTime:0.000545s ]
[ 2019-01-02T22:19:59+08:00 ][ sql ] [ SQL ] INSERT INTO `fa_auth_rule` (`pid` , `name` , `title` , `icon` , `remark` , `ismenu` , `status` , `createtime` , `updatetime`) VALUES (0 , 'auth' , 'auth' , 'fa fa-list' , '' , 1 , 'normal' , 1546438799 , 1546438799) [ RunTime:0.000581s ]
[ 2019-01-02T22:19:59+08:00 ][ sql ] [ SQL ] SELECT * FROM `fa_auth_rule` WHERE  `name` = 'auth/admin' LIMIT 1 [ RunTime:0.000489s ]
[ 2019-01-02T22:19:59+08:00 ][ sql ] [ SQL ] INSERT INTO `fa_auth_rule` (`pid` , `name` , `title` , `icon` , `remark` , `ismenu` , `status` , `createtime` , `updatetime`) VALUES (138 , 'auth/admin' , '管理员管理' , 'fa fa-users' , '一个管理员可以有多个角色组,左侧的菜单根据管理员所拥有的权限进行生成' , 1 , 'normal' , 1546438799 , 1546438799) [ RunTime:0.000554s ]
[ 2019-01-02T22:19:59+08:00 ][ sql ] [ SQL ] SELECT `id` FROM `fa_auth_rule` WHERE  `name` = 'auth/admin/index' LIMIT 1 [ RunTime:0.000378s ]
[ 2019-01-02T22:19:59+08:00 ][ sql ] [ SQL ] SELECT `id` FROM `fa_auth_rule` WHERE  `name` = 'auth/admin/add' LIMIT 1 [ RunTime:0.000327s ]
[ 2019-01-02T22:19:59+08:00 ][ sql ] [ SQL ] SELECT `id` FROM `fa_auth_rule` WHERE  `name` = 'auth/admin/edit' LIMIT 1 [ RunTime:0.000341s ]
[ 2019-01-02T22:19:59+08:00 ][ sql ] [ SQL ] SELECT `id` FROM `fa_auth_rule` WHERE  `name` = 'auth/admin/del' LIMIT 1 [ RunTime:0.000355s ]
[ 2019-01-02T22:19:59+08:00 ][ sql ] [ SQL ] INSERT INTO `fa_auth_rule` (`id` , `pid` , `name` , `icon` , `title` , `ismenu` , `status` , `createtime` , `updatetime`) VALUES (NULL , 139 , 'auth/admin/index' , 'fa fa-circle-o' , '查看' , 0 , 'normal' , 1546438799 , 1546438799) [ RunTime:0.000394s ]
[ 2019-01-02T22:19:59+08:00 ][ sql ] [ SQL ] INSERT INTO `fa_auth_rule` (`id` , `pid` , `name` , `icon` , `title` , `ismenu` , `status` , `createtime` , `updatetime`) VALUES (NULL , 139 , 'auth/admin/add' , 'fa fa-circle-o' , '添加' , 0 , 'normal' , 1546438799 , 1546438799) [ RunTime:0.000162s ]
[ 2019-01-02T22:19:59+08:00 ][ sql ] [ SQL ] INSERT INTO `fa_auth_rule` (`id` , `pid` , `name` , `icon` , `title` , `ismenu` , `status` , `createtime` , `updatetime`) VALUES (NULL , 139 , 'auth/admin/edit' , 'fa fa-circle-o' , '编辑' , 0 , 'normal' , 1546438799 , 1546438799) [ RunTime:0.000154s ]
[ 2019-01-02T22:19:59+08:00 ][ sql ] [ SQL ] INSERT INTO `fa_auth_rule` (`id` , `pid` , `name` , `icon` , `title` , `ismenu` , `status` , `createtime` , `updatetime`) VALUES (NULL , 139 , 'auth/admin/del' , 'fa fa-circle-o' , '删除' , 0 , 'normal' , 1546438799 , 1546438799) [ RunTime:0.000153s ]
[ 2019-01-02T22:19:59+08:00 ][ sql ] [ SQL ] SELECT * FROM `fa_auth_rule` WHERE  `name` = 'auth' LIMIT 1 [ RunTime:0.000701s ]
[ 2019-01-02T22:19:59+08:00 ][ sql ] [ SQL ] SELECT * FROM `fa_auth_rule` WHERE  `name` = 'auth/adminlog' LIMIT 1 [ RunTime:0.000466s ]
[ 2019-01-02T22:19:59+08:00 ][ sql ] [ SQL ] INSERT INTO `fa_auth_rule` (`pid` , `name` , `title` , `icon` , `remark` , `ismenu` , `status` , `createtime` , `updatetime`) VALUES (138 , 'auth/adminlog' , '管理员日志' , 'fa fa-users' , '管理员可以查看自己所拥有的权限的管理员日志' , 1 , 'normal' , 1546438799 , 1546438799) [ RunTime:0.000552s ]
[ 2019-01-02T22:19:59+08:00 ][ sql ] [ SQL ] SELECT `id` FROM `fa_auth_rule` WHERE  `name` = 'auth/adminlog/index' LIMIT 1 [ RunTime:0.000327s ]
[ 2019-01-02T22:19:59+08:00 ][ sql ] [ SQL ] SELECT `id` FROM `fa_auth_rule` WHERE  `name` = 'auth/adminlog/detail' LIMIT 1 [ RunTime:0.000341s ]
[ 2019-01-02T22:19:59+08:00 ][ sql ] [ SQL ] SELECT `id` FROM `fa_auth_rule` WHERE  `name` = 'auth/adminlog/del' LIMIT 1 [ RunTime:0.000353s ]
[ 2019-01-02T22:19:59+08:00 ][ sql ] [ SQL ] SELECT `id` FROM `fa_auth_rule` WHERE  `name` = 'auth/adminlog/selectpage' LIMIT 1 [ RunTime:0.000328s ]
[ 2019-01-02T22:19:59+08:00 ][ sql ] [ SQL ] INSERT INTO `fa_auth_rule` (`id` , `pid` , `name` , `icon` , `title` , `ismenu` , `status` , `createtime` , `updatetime`) VALUES (NULL , 144 , 'auth/adminlog/index' , 'fa fa-circle-o' , '查看' , 0 , 'normal' , 1546438799 , 1546438799) [ RunTime:0.000339s ]
[ 2019-01-02T22:19:59+08:00 ][ sql ] [ SQL ] INSERT INTO `fa_auth_rule` (`id` , `pid` , `name` , `icon` , `title` , `ismenu` , `status` , `createtime` , `updatetime`) VALUES (NULL , 144 , 'auth/adminlog/detail' , 'fa fa-circle-o' , '详情' , 0 , 'normal' , 1546438799 , 1546438799) [ RunTime:0.000176s ]
[ 2019-01-02T22:19:59+08:00 ][ sql ] [ SQL ] INSERT INTO `fa_auth_rule` (`id` , `pid` , `name` , `icon` , `title` , `ismenu` , `status` , `createtime` , `updatetime`) VALUES (NULL , 144 , 'auth/adminlog/del' , 'fa fa-circle-o' , '删除' , 0 , 'normal' , 1546438799 , 1546438799) [ RunTime:0.000179s ]
[ 2019-01-02T22:19:59+08:00 ][ sql ] [ SQL ] INSERT INTO `fa_auth_rule` (`id` , `pid` , `name` , `icon` , `title` , `ismenu` , `status` , `createtime` , `updatetime`) VALUES (NULL , 144 , 'auth/adminlog/selectpage' , 'fa fa-circle-o' , 'Selectpage' , 0 , 'normal' , 1546438799 , 1546438799) [ RunTime:0.000157s ]
[ 2019-01-02T22:19:59+08:00 ][ sql ] [ SQL ] SELECT * FROM `fa_auth_rule` WHERE  `name` = 'auth' LIMIT 1 [ RunTime:0.000665s ]
[ 2019-01-02T22:19:59+08:00 ][ sql ] [ SQL ] SELECT * FROM `fa_auth_rule` WHERE  `name` = 'auth/group' LIMIT 1 [ RunTime:0.000573s ]
[ 2019-01-02T22:19:59+08:00 ][ sql ] [ SQL ] INSERT INTO `fa_auth_rule` (`pid` , `name` , `title` , `icon` , `remark` , `ismenu` , `status` , `createtime` , `updatetime`) VALUES (138 , 'auth/group' , '角色组' , 'fa fa-group' , '角色组可以有多个,角色有上下级层级关系,如果子角色有角色组和管理员的权限则可以派生属于自己组别下级的角色组或管理员' , 1 , 'normal' , 1546438799 , 1546438799) [ RunTime:0.000651s ]
[ 2019-01-02T22:19:59+08:00 ][ sql ] [ SQL ] SELECT `id` FROM `fa_auth_rule` WHERE  `name` = 'auth/group/index' LIMIT 1 [ RunTime:0.000362s ]
[ 2019-01-02T22:19:59+08:00 ][ sql ] [ SQL ] SELECT `id` FROM `fa_auth_rule` WHERE  `name` = 'auth/group/add' LIMIT 1 [ RunTime:0.000375s ]
[ 2019-01-02T22:19:59+08:00 ][ sql ] [ SQL ] SELECT `id` FROM `fa_auth_rule` WHERE  `name` = 'auth/group/edit' LIMIT 1 [ RunTime:0.000333s ]
[ 2019-01-02T22:19:59+08:00 ][ sql ] [ SQL ] SELECT `id` FROM `fa_auth_rule` WHERE  `name` = 'auth/group/del' LIMIT 1 [ RunTime:0.000340s ]
[ 2019-01-02T22:19:59+08:00 ][ sql ] [ SQL ] INSERT INTO `fa_auth_rule` (`id` , `pid` , `name` , `icon` , `title` , `ismenu` , `status` , `createtime` , `updatetime`) VALUES (NULL , 149 , 'auth/group/index' , 'fa fa-circle-o' , '查看' , 0 , 'normal' , 1546438799 , 1546438799) [ RunTime:0.000375s ]
[ 2019-01-02T22:19:59+08:00 ][ sql ] [ SQL ] INSERT INTO `fa_auth_rule` (`id` , `pid` , `name` , `icon` , `title` , `ismenu` , `status` , `createtime` , `updatetime`) VALUES (NULL , 149 , 'auth/group/add' , 'fa fa-circle-o' , '添加' , 0 , 'normal' , 1546438799 , 1546438799) [ RunTime:0.000174s ]
[ 2019-01-02T22:19:59+08:00 ][ sql ] [ SQL ] INSERT INTO `fa_auth_rule` (`id` , `pid` , `name` , `icon` , `title` , `ismenu` , `status` , `createtime` , `updatetime`) VALUES (NULL , 149 , 'auth/group/edit' , 'fa fa-circle-o' , '编辑' , 0 , 'normal' , 1546438799 , 1546438799) [ RunTime:0.000224s ]
[ 2019-01-02T22:19:59+08:00 ][ sql ] [ SQL ] INSERT INTO `fa_auth_rule` (`id` , `pid` , `name` , `icon` , `title` , `ismenu` , `status` , `createtime` , `updatetime`) VALUES (NULL , 149 , 'auth/group/del' , 'fa fa-circle-o' , '删除' , 0 , 'normal' , 1546438799 , 1546438799) [ RunTime:0.000167s ]
[ 2019-01-02T22:19:59+08:00 ][ sql ] [ SQL ] SELECT * FROM `fa_auth_rule` WHERE  `name` = 'auth' LIMIT 1 [ RunTime:0.000514s ]
[ 2019-01-02T22:19:59+08:00 ][ sql ] [ SQL ] SELECT * FROM `fa_auth_rule` WHERE  `name` = 'auth/rule' LIMIT 1 [ RunTime:0.000435s ]
[ 2019-01-02T22:19:59+08:00 ][ sql ] [ SQL ] INSERT INTO `fa_auth_rule` (`pid` , `name` , `title` , `icon` , `remark` , `ismenu` , `status` , `createtime` , `updatetime`) VALUES (138 , 'auth/rule' , '规则管理' , 'fa fa-list' , '规则通常对应一个控制器的方法,同时左侧的菜单栏数据也从规则中体现,通常建议通过控制台进行生成规则节点' , 1 , 'normal' , 1546438799 , 1546438799) [ RunTime:0.000563s ]
[ 2019-01-02T22:19:59+08:00 ][ sql ] [ SQL ] SELECT `id` FROM `fa_auth_rule` WHERE  `name` = 'auth/rule/index' LIMIT 1 [ RunTime:0.000509s ]
[ 2019-01-02T22:19:59+08:00 ][ sql ] [ SQL ] SELECT `id` FROM `fa_auth_rule` WHERE  `name` = 'auth/rule/add' LIMIT 1 [ RunTime:0.000375s ]
[ 2019-01-02T22:19:59+08:00 ][ sql ] [ SQL ] SELECT `id` FROM `fa_auth_rule` WHERE  `name` = 'auth/rule/edit' LIMIT 1 [ RunTime:0.000363s ]
[ 2019-01-02T22:19:59+08:00 ][ sql ] [ SQL ] SELECT `id` FROM `fa_auth_rule` WHERE  `name` = 'auth/rule/del' LIMIT 1 [ RunTime:0.000349s ]
[ 2019-01-02T22:19:59+08:00 ][ sql ] [ SQL ] SELECT `id` FROM `fa_auth_rule` WHERE  `name` = 'auth/rule/multi' LIMIT 1 [ RunTime:0.000335s ]
[ 2019-01-02T22:19:59+08:00 ][ sql ] [ SQL ] INSERT INTO `fa_auth_rule` (`id` , `pid` , `name` , `icon` , `title` , `ismenu` , `status` , `createtime` , `updatetime`) VALUES (NULL , 154 , 'auth/rule/index' , 'fa fa-circle-o' , '查看' , 0 , 'normal' , 1546438799 , 1546438799) [ RunTime:0.000355s ]
[ 2019-01-02T22:19:59+08:00 ][ sql ] [ SQL ] INSERT INTO `fa_auth_rule` (`id` , `pid` , `name` , `icon` , `title` , `ismenu` , `status` , `createtime` , `updatetime`) VALUES (NULL , 154 , 'auth/rule/add' , 'fa fa-circle-o' , '添加' , 0 , 'normal' , 1546438799 , 1546438799) [ RunTime:0.000157s ]
[ 2019-01-02T22:19:59+08:00 ][ sql ] [ SQL ] INSERT INTO `fa_auth_rule` (`id` , `pid` , `name` , `icon` , `title` , `ismenu` , `status` , `createtime` , `updatetime`) VALUES (NULL , 154 , 'auth/rule/edit' , 'fa fa-circle-o' , '编辑' , 0 , 'normal' , 1546438799 , 1546438799) [ RunTime:0.000155s ]
[ 2019-01-02T22:19:59+08:00 ][ sql ] [ SQL ] INSERT INTO `fa_auth_rule` (`id` , `pid` , `name` , `icon` , `title` , `ismenu` , `status` , `createtime` , `updatetime`) VALUES (NULL , 154 , 'auth/rule/del' , 'fa fa-circle-o' , '删除' , 0 , 'normal' , 1546438799 , 1546438799) [ RunTime:0.000150s ]
[ 2019-01-02T22:19:59+08:00 ][ sql ] [ SQL ] INSERT INTO `fa_auth_rule` (`id` , `pid` , `name` , `icon` , `title` , `ismenu` , `status` , `createtime` , `updatetime`) VALUES (NULL , 154 , 'auth/rule/multi' , 'fa fa-circle-o' , '批量更新' , 0 , 'normal' , 1546438799 , 1546438799) [ RunTime:0.000153s ]
[ 2019-01-02T22:19:59+08:00 ][ sql ] [ SQL ] SELECT * FROM `fa_auth_rule` WHERE  `name` = 'd' LIMIT 1 [ RunTime:0.000526s ]
[ 2019-01-02T22:19:59+08:00 ][ sql ] [ SQL ] INSERT INTO `fa_auth_rule` (`pid` , `name` , `title` , `icon` , `remark` , `ismenu` , `status` , `createtime` , `updatetime`) VALUES (0 , 'd' , 'd' , 'fa fa-list' , '' , 1 , 'normal' , 1546438799 , 1546438799) [ RunTime:0.000570s ]
[ 2019-01-02T22:19:59+08:00 ][ sql ] [ SQL ] SELECT * FROM `fa_auth_rule` WHERE  `name` = 'd/order' LIMIT 1 [ RunTime:0.000474s ]
[ 2019-01-02T22:19:59+08:00 ][ sql ] [ SQL ] INSERT INTO `fa_auth_rule` (`pid` , `name` , `title` , `icon` , `remark` , `ismenu` , `status` , `createtime` , `updatetime`) VALUES (160 , 'd/order' , 'order' , 'fa fa-list' , '' , 1 , 'normal' , 1546438799 , 1546438799) [ RunTime:0.000521s ]
[ 2019-01-02T22:19:59+08:00 ][ sql ] [ SQL ] SELECT * FROM `fa_auth_rule` WHERE  `name` = 'd/order/delivery' LIMIT 1 [ RunTime:0.000604s ]
[ 2019-01-02T22:19:59+08:00 ][ sql ] [ SQL ] INSERT INTO `fa_auth_rule` (`pid` , `name` , `title` , `icon` , `remark` , `ismenu` , `status` , `createtime` , `updatetime`) VALUES (161 , 'd/order/delivery' , '配送单管理' , 'fa fa-circle-o' , '' , 1 , 'normal' , 1546438799 , 1546438799) [ RunTime:0.000679s ]
[ 2019-01-02T22:19:59+08:00 ][ sql ] [ SQL ] SELECT `id` FROM `fa_auth_rule` WHERE  `name` = 'd/order/delivery/index' LIMIT 1 [ RunTime:0.000386s ]
[ 2019-01-02T22:19:59+08:00 ][ sql ] [ SQL ] SELECT `id` FROM `fa_auth_rule` WHERE  `name` = 'd/order/delivery/add' LIMIT 1 [ RunTime:0.000315s ]
[ 2019-01-02T22:19:59+08:00 ][ sql ] [ SQL ] SELECT `id` FROM `fa_auth_rule` WHERE  `name` = 'd/order/delivery/edit' LIMIT 1 [ RunTime:0.000325s ]
[ 2019-01-02T22:19:59+08:00 ][ sql ] [ SQL ] SELECT `id` FROM `fa_auth_rule` WHERE  `name` = 'd/order/delivery/del' LIMIT 1 [ RunTime:0.000327s ]
[ 2019-01-02T22:19:59+08:00 ][ sql ] [ SQL ] SELECT `id` FROM `fa_auth_rule` WHERE  `name` = 'd/order/delivery/multi' LIMIT 1 [ RunTime:0.000327s ]
[ 2019-01-02T22:19:59+08:00 ][ sql ] [ SQL ] INSERT INTO `fa_auth_rule` (`id` , `pid` , `name` , `icon` , `title` , `ismenu` , `status` , `createtime` , `updatetime`) VALUES (NULL , 162 , 'd/order/delivery/index' , 'fa fa-circle-o' , '查看' , 0 , 'normal' , 1546438799 , 1546438799) [ RunTime:0.000342s ]
[ 2019-01-02T22:19:59+08:00 ][ sql ] [ SQL ] INSERT INTO `fa_auth_rule` (`id` , `pid` , `name` , `icon` , `title` , `ismenu` , `status` , `createtime` , `updatetime`) VALUES (NULL , 162 , 'd/order/delivery/add' , 'fa fa-circle-o' , '添加' , 0 , 'normal' , 1546438799 , 1546438799) [ RunTime:0.000190s ]
[ 2019-01-02T22:19:59+08:00 ][ sql ] [ SQL ] INSERT INTO `fa_auth_rule` (`id` , `pid` , `name` , `icon` , `title` , `ismenu` , `status` , `createtime` , `updatetime`) VALUES (NULL , 162 , 'd/order/delivery/edit' , 'fa fa-circle-o' , '编辑' , 0 , 'normal' , 1546438799 , 1546438799) [ RunTime:0.000158s ]
[ 2019-01-02T22:19:59+08:00 ][ sql ] [ SQL ] INSERT INTO `fa_auth_rule` (`id` , `pid` , `name` , `icon` , `title` , `ismenu` , `status` , `createtime` , `updatetime`) VALUES (NULL , 162 , 'd/order/delivery/del' , 'fa fa-circle-o' , '删除' , 0 , 'normal' , 1546438799 , 1546438799) [ RunTime:0.000156s ]
[ 2019-01-02T22:19:59+08:00 ][ sql ] [ SQL ] INSERT INTO `fa_auth_rule` (`id` , `pid` , `name` , `icon` , `title` , `ismenu` , `status` , `createtime` , `updatetime`) VALUES (NULL , 162 , 'd/order/delivery/multi' , 'fa fa-circle-o' , '批量更新' , 0 , 'normal' , 1546438799 , 1546438799) [ RunTime:0.000152s ]
[ 2019-01-02T22:19:59+08:00 ][ sql ] [ SQL ] SELECT * FROM `fa_auth_rule` WHERE  `name` = 'd' LIMIT 1 [ RunTime:0.000553s ]
[ 2019-01-02T22:19:59+08:00 ][ sql ] [ SQL ] SELECT * FROM `fa_auth_rule` WHERE  `name` = 'd/trace' LIMIT 1 [ RunTime:0.000422s ]
[ 2019-01-02T22:19:59+08:00 ][ sql ] [ SQL ] INSERT INTO `fa_auth_rule` (`pid` , `name` , `title` , `icon` , `remark` , `ismenu` , `status` , `createtime` , `updatetime`) VALUES (160 , 'd/trace' , 'trace' , 'fa fa-list' , '' , 1 , 'normal' , 1546438799 , 1546438799) [ RunTime:0.000619s ]
[ 2019-01-02T22:19:59+08:00 ][ sql ] [ SQL ] SELECT * FROM `fa_auth_rule` WHERE  `name` = 'd/trace/income' LIMIT 1 [ RunTime:0.000518s ]
[ 2019-01-02T22:19:59+08:00 ][ sql ] [ SQL ] INSERT INTO `fa_auth_rule` (`pid` , `name` , `title` , `icon` , `remark` , `ismenu` , `status` , `createtime` , `updatetime`) VALUES (168 , 'd/trace/income' , '收入流水' , 'fa fa-circle-o' , '' , 1 , 'normal' , 1546438799 , 1546438799) [ RunTime:0.000522s ]
[ 2019-01-02T22:19:59+08:00 ][ sql ] [ SQL ] SELECT `id` FROM `fa_auth_rule` WHERE  `name` = 'd/trace/income/index' LIMIT 1 [ RunTime:0.000343s ]
[ 2019-01-02T22:19:59+08:00 ][ sql ] [ SQL ] SELECT `id` FROM `fa_auth_rule` WHERE  `name` = 'd/trace/income/add' LIMIT 1 [ RunTime:0.000332s ]
[ 2019-01-02T22:19:59+08:00 ][ sql ] [ SQL ] SELECT `id` FROM `fa_auth_rule` WHERE  `name` = 'd/trace/income/edit' LIMIT 1 [ RunTime:0.000328s ]
[ 2019-01-02T22:19:59+08:00 ][ sql ] [ SQL ] SELECT `id` FROM `fa_auth_rule` WHERE  `name` = 'd/trace/income/del' LIMIT 1 [ RunTime:0.000290s ]
[ 2019-01-02T22:19:59+08:00 ][ sql ] [ SQL ] SELECT `id` FROM `fa_auth_rule` WHERE  `name` = 'd/trace/income/multi' LIMIT 1 [ RunTime:0.000327s ]
[ 2019-01-02T22:19:59+08:00 ][ sql ] [ SQL ] INSERT INTO `fa_auth_rule` (`id` , `pid` , `name` , `icon` , `title` , `ismenu` , `status` , `createtime` , `updatetime`) VALUES (NULL , 169 , 'd/trace/income/index' , 'fa fa-circle-o' , '查看' , 0 , 'normal' , 1546438799 , 1546438799) [ RunTime:0.000359s ]
[ 2019-01-02T22:19:59+08:00 ][ sql ] [ SQL ] INSERT INTO `fa_auth_rule` (`id` , `pid` , `name` , `icon` , `title` , `ismenu` , `status` , `createtime` , `updatetime`) VALUES (NULL , 169 , 'd/trace/income/add' , 'fa fa-circle-o' , '添加' , 0 , 'normal' , 1546438799 , 1546438799) [ RunTime:0.000226s ]
[ 2019-01-02T22:19:59+08:00 ][ sql ] [ SQL ] INSERT INTO `fa_auth_rule` (`id` , `pid` , `name` , `icon` , `title` , `ismenu` , `status` , `createtime` , `updatetime`) VALUES (NULL , 169 , 'd/trace/income/edit' , 'fa fa-circle-o' , '编辑' , 0 , 'normal' , 1546438799 , 1546438799) [ RunTime:0.000166s ]
[ 2019-01-02T22:19:59+08:00 ][ sql ] [ SQL ] INSERT INTO `fa_auth_rule` (`id` , `pid` , `name` , `icon` , `title` , `ismenu` , `status` , `createtime` , `updatetime`) VALUES (NULL , 169 , 'd/trace/income/del' , 'fa fa-circle-o' , '删除' , 0 , 'normal' , 1546438799 , 1546438799) [ RunTime:0.000192s ]
[ 2019-01-02T22:19:59+08:00 ][ sql ] [ SQL ] INSERT INTO `fa_auth_rule` (`id` , `pid` , `name` , `icon` , `title` , `ismenu` , `status` , `createtime` , `updatetime`) VALUES (NULL , 169 , 'd/trace/income/multi' , 'fa fa-circle-o' , '批量更新' , 0 , 'normal' , 1546438799 , 1546438799) [ RunTime:0.000154s ]
[ 2019-01-02T22:19:59+08:00 ][ sql ] [ SQL ] SELECT * FROM `fa_auth_rule` WHERE  `name` = 'd' LIMIT 1 [ RunTime:0.000627s ]
[ 2019-01-02T22:19:59+08:00 ][ sql ] [ SQL ] SELECT * FROM `fa_auth_rule` WHERE  `name` = 'd/user' LIMIT 1 [ RunTime:0.000521s ]
[ 2019-01-02T22:19:59+08:00 ][ sql ] [ SQL ] INSERT INTO `fa_auth_rule` (`pid` , `name` , `title` , `icon` , `remark` , `ismenu` , `status` , `createtime` , `updatetime`) VALUES (160 , 'd/user' , 'user' , 'fa fa-list' , '' , 1 , 'normal' , 1546438799 , 1546438799) [ RunTime:0.000541s ]
[ 2019-01-02T22:19:59+08:00 ][ sql ] [ SQL ] SELECT * FROM `fa_auth_rule` WHERE  `name` = 'd/user/delivery' LIMIT 1 [ RunTime:0.000502s ]
[ 2019-01-02T22:19:59+08:00 ][ sql ] [ SQL ] INSERT INTO `fa_auth_rule` (`pid` , `name` , `title` , `icon` , `remark` , `ismenu` , `status` , `createtime` , `updatetime`) VALUES (175 , 'd/user/delivery' , '配送员管理' , 'fa fa-circle-o' , '' , 1 , 'normal' , 1546438799 , 1546438799) [ RunTime:0.000532s ]
[ 2019-01-02T22:19:59+08:00 ][ sql ] [ SQL ] SELECT `id` FROM `fa_auth_rule` WHERE  `name` = 'd/user/delivery/index' LIMIT 1 [ RunTime:0.000378s ]
[ 2019-01-02T22:19:59+08:00 ][ sql ] [ SQL ] SELECT `id` FROM `fa_auth_rule` WHERE  `name` = 'd/user/delivery/add' LIMIT 1 [ RunTime:0.000360s ]
[ 2019-01-02T22:19:59+08:00 ][ sql ] [ SQL ] SELECT `id` FROM `fa_auth_rule` WHERE  `name` = 'd/user/delivery/edit' LIMIT 1 [ RunTime:0.000349s ]
[ 2019-01-02T22:19:59+08:00 ][ sql ] [ SQL ] SELECT `id` FROM `fa_auth_rule` WHERE  `name` = 'd/user/delivery/del' LIMIT 1 [ RunTime:0.000338s ]
[ 2019-01-02T22:19:59+08:00 ][ sql ] [ SQL ] SELECT `id` FROM `fa_auth_rule` WHERE  `name` = 'd/user/delivery/multi' LIMIT 1 [ RunTime:0.000314s ]
[ 2019-01-02T22:19:59+08:00 ][ sql ] [ SQL ] INSERT INTO `fa_auth_rule` (`id` , `pid` , `name` , `icon` , `title` , `ismenu` , `status` , `createtime` , `updatetime`) VALUES (NULL , 176 , 'd/user/delivery/index' , 'fa fa-circle-o' , '查看' , 0 , 'normal' , 1546438799 , 1546438799) [ RunTime:0.000343s ]
[ 2019-01-02T22:19:59+08:00 ][ sql ] [ SQL ] INSERT INTO `fa_auth_rule` (`id` , `pid` , `name` , `icon` , `title` , `ismenu` , `status` , `createtime` , `updatetime`) VALUES (NULL , 176 , 'd/user/delivery/add' , 'fa fa-circle-o' , '添加' , 0 , 'normal' , 1546438799 , 1546438799) [ RunTime:0.000189s ]
[ 2019-01-02T22:19:59+08:00 ][ sql ] [ SQL ] INSERT INTO `fa_auth_rule` (`id` , `pid` , `name` , `icon` , `title` , `ismenu` , `status` , `createtime` , `updatetime`) VALUES (NULL , 176 , 'd/user/delivery/edit' , 'fa fa-circle-o' , '编辑' , 0 , 'normal' , 1546438799 , 1546438799) [ RunTime:0.000157s ]
[ 2019-01-02T22:19:59+08:00 ][ sql ] [ SQL ] INSERT INTO `fa_auth_rule` (`id` , `pid` , `name` , `icon` , `title` , `ismenu` , `status` , `createtime` , `updatetime`) VALUES (NULL , 176 , 'd/user/delivery/del' , 'fa fa-circle-o' , '删除' , 0 , 'normal' , 1546438799 , 1546438799) [ RunTime:0.000156s ]
[ 2019-01-02T22:19:59+08:00 ][ sql ] [ SQL ] INSERT INTO `fa_auth_rule` (`id` , `pid` , `name` , `icon` , `title` , `ismenu` , `status` , `createtime` , `updatetime`) VALUES (NULL , 176 , 'd/user/delivery/multi' , 'fa fa-circle-o' , '批量更新' , 0 , 'normal' , 1546438799 , 1546438799) [ RunTime:0.000158s ]
[ 2019-01-02T22:19:59+08:00 ][ sql ] [ SQL ] SELECT * FROM `fa_auth_rule` WHERE  `name` = 'd' LIMIT 1 [ RunTime:0.000557s ]
[ 2019-01-02T22:19:59+08:00 ][ sql ] [ SQL ] SELECT * FROM `fa_auth_rule` WHERE  `name` = 'd/user' LIMIT 1 [ RunTime:0.000492s ]
[ 2019-01-02T22:19:59+08:00 ][ sql ] [ SQL ] SELECT * FROM `fa_auth_rule` WHERE  `name` = 'd/user/delivery' LIMIT 1 [ RunTime:0.000453s ]
[ 2019-01-02T22:19:59+08:00 ][ sql ] [ SQL ] SELECT * FROM `fa_auth_rule` WHERE  `name` = 'd/user/delivery/identification' LIMIT 1 [ RunTime:0.000367s ]
[ 2019-01-02T22:19:59+08:00 ][ sql ] [ SQL ] INSERT INTO `fa_auth_rule` (`pid` , `name` , `title` , `icon` , `remark` , `ismenu` , `status` , `createtime` , `updatetime`) VALUES (176 , 'd/user/delivery/identification' , '配送员认证管理' , 'fa fa-circle-o' , '' , 1 , 'normal' , 1546438799 , 1546438799) [ RunTime:0.000536s ]
[ 2019-01-02T22:19:59+08:00 ][ sql ] [ SQL ] SELECT `id` FROM `fa_auth_rule` WHERE  `name` = 'd/user/delivery/identification/index' LIMIT 1 [ RunTime:0.000354s ]
[ 2019-01-02T22:19:59+08:00 ][ sql ] [ SQL ] SELECT `id` FROM `fa_auth_rule` WHERE  `name` = 'd/user/delivery/identification/add' LIMIT 1 [ RunTime:0.000325s ]
[ 2019-01-02T22:19:59+08:00 ][ sql ] [ SQL ] SELECT `id` FROM `fa_auth_rule` WHERE  `name` = 'd/user/delivery/identification/edit' LIMIT 1 [ RunTime:0.000396s ]
[ 2019-01-02T22:19:59+08:00 ][ sql ] [ SQL ] SELECT `id` FROM `fa_auth_rule` WHERE  `name` = 'd/user/delivery/identification/del' LIMIT 1 [ RunTime:0.000280s ]
[ 2019-01-02T22:19:59+08:00 ][ sql ] [ SQL ] SELECT `id` FROM `fa_auth_rule` WHERE  `name` = 'd/user/delivery/identification/multi' LIMIT 1 [ RunTime:0.000423s ]
[ 2019-01-02T22:19:59+08:00 ][ sql ] [ SQL ] INSERT INTO `fa_auth_rule` (`id` , `pid` , `name` , `icon` , `title` , `ismenu` , `status` , `createtime` , `updatetime`) VALUES (NULL , 182 , 'd/user/delivery/identification/index' , 'fa fa-circle-o' , '查看' , 0 , 'normal' , 1546438799 , 1546438799) [ RunTime:0.000327s ]
[ 2019-01-02T22:19:59+08:00 ][ sql ] [ SQL ] INSERT INTO `fa_auth_rule` (`id` , `pid` , `name` , `icon` , `title` , `ismenu` , `status` , `createtime` , `updatetime`) VALUES (NULL , 182 , 'd/user/delivery/identification/add' , 'fa fa-circle-o' , '添加' , 0 , 'normal' , 1546438799 , 1546438799) [ RunTime:0.000181s ]
[ 2019-01-02T22:19:59+08:00 ][ sql ] [ SQL ] INSERT INTO `fa_auth_rule` (`id` , `pid` , `name` , `icon` , `title` , `ismenu` , `status` , `createtime` , `updatetime`) VALUES (NULL , 182 , 'd/user/delivery/identification/edit' , 'fa fa-circle-o' , '编辑' , 0 , 'normal' , 1546438799 , 1546438799) [ RunTime:0.000254s ]
[ 2019-01-02T22:19:59+08:00 ][ sql ] [ SQL ] INSERT INTO `fa_auth_rule` (`id` , `pid` , `name` , `icon` , `title` , `ismenu` , `status` , `createtime` , `updatetime`) VALUES (NULL , 182 , 'd/user/delivery/identification/del' , 'fa fa-circle-o' , '删除' , 0 , 'normal' , 1546438799 , 1546438799) [ RunTime:0.000213s ]
[ 2019-01-02T22:19:59+08:00 ][ sql ] [ SQL ] INSERT INTO `fa_auth_rule` (`id` , `pid` , `name` , `icon` , `title` , `ismenu` , `status` , `createtime` , `updatetime`) VALUES (NULL , 182 , 'd/user/delivery/identification/multi' , 'fa fa-circle-o' , '批量更新' , 0 , 'normal' , 1546438799 , 1546438799) [ RunTime:0.000236s ]
[ 2019-01-02T22:19:59+08:00 ][ sql ] [ SQL ] SELECT * FROM `fa_auth_rule` WHERE  `name` = 'general' LIMIT 1 [ RunTime:0.000792s ]
[ 2019-01-02T22:19:59+08:00 ][ sql ] [ SQL ] INSERT INTO `fa_auth_rule` (`pid` , `name` , `title` , `icon` , `remark` , `ismenu` , `status` , `createtime` , `updatetime`) VALUES (0 , 'general' , 'general' , 'fa fa-list' , '' , 1 , 'normal' , 1546438799 , 1546438799) [ RunTime:0.001675s ]
[ 2019-01-02T22:19:59+08:00 ][ sql ] [ SQL ] SELECT * FROM `fa_auth_rule` WHERE  `name` = 'general/attachment' LIMIT 1 [ RunTime:0.001379s ]
[ 2019-01-02T22:19:59+08:00 ][ sql ] [ SQL ] INSERT INTO `fa_auth_rule` (`pid` , `name` , `title` , `icon` , `remark` , `ismenu` , `status` , `createtime` , `updatetime`) VALUES (188 , 'general/attachment' , '附件管理' , 'fa fa-circle-o' , '主要用于管理上传到又拍云的数据或上传至本服务的上传数据' , 1 , 'normal' , 1546438799 , 1546438799) [ RunTime:0.000811s ]
[ 2019-01-02T22:19:59+08:00 ][ sql ] [ SQL ] SELECT `id` FROM `fa_auth_rule` WHERE  `name` = 'general/attachment/index' LIMIT 1 [ RunTime:0.000535s ]
[ 2019-01-02T22:19:59+08:00 ][ sql ] [ SQL ] SELECT `id` FROM `fa_auth_rule` WHERE  `name` = 'general/attachment/select' LIMIT 1 [ RunTime:0.000443s ]
[ 2019-01-02T22:19:59+08:00 ][ sql ] [ SQL ] SELECT `id` FROM `fa_auth_rule` WHERE  `name` = 'general/attachment/add' LIMIT 1 [ RunTime:0.000553s ]
[ 2019-01-02T22:19:59+08:00 ][ sql ] [ SQL ] SELECT `id` FROM `fa_auth_rule` WHERE  `name` = 'general/attachment/del' LIMIT 1 [ RunTime:0.000524s ]
[ 2019-01-02T22:19:59+08:00 ][ sql ] [ SQL ] SELECT `id` FROM `fa_auth_rule` WHERE  `name` = 'general/attachment/edit' LIMIT 1 [ RunTime:0.000803s ]
[ 2019-01-02T22:19:59+08:00 ][ sql ] [ SQL ] SELECT `id` FROM `fa_auth_rule` WHERE  `name` = 'general/attachment/multi' LIMIT 1 [ RunTime:0.000354s ]
[ 2019-01-02T22:19:59+08:00 ][ sql ] [ SQL ] INSERT INTO `fa_auth_rule` (`id` , `pid` , `name` , `icon` , `title` , `ismenu` , `status` , `createtime` , `updatetime`) VALUES (NULL , 189 , 'general/attachment/index' , 'fa fa-circle-o' , '查看' , 0 , 'normal' , 1546438799 , 1546438799) [ RunTime:0.000393s ]
[ 2019-01-02T22:19:59+08:00 ][ sql ] [ SQL ] INSERT INTO `fa_auth_rule` (`id` , `pid` , `name` , `icon` , `title` , `ismenu` , `status` , `createtime` , `updatetime`) VALUES (NULL , 189 , 'general/attachment/select' , 'fa fa-circle-o' , '选择附件' , 0 , 'normal' , 1546438799 , 1546438799) [ RunTime:0.000218s ]
[ 2019-01-02T22:19:59+08:00 ][ sql ] [ SQL ] INSERT INTO `fa_auth_rule` (`id` , `pid` , `name` , `icon` , `title` , `ismenu` , `status` , `createtime` , `updatetime`) VALUES (NULL , 189 , 'general/attachment/add' , 'fa fa-circle-o' , '添加' , 0 , 'normal' , 1546438799 , 1546438799) [ RunTime:0.000177s ]
[ 2019-01-02T22:19:59+08:00 ][ sql ] [ SQL ] INSERT INTO `fa_auth_rule` (`id` , `pid` , `name` , `icon` , `title` , `ismenu` , `status` , `createtime` , `updatetime`) VALUES (NULL , 189 , 'general/attachment/del' , 'fa fa-circle-o' , '删除附件' , 0 , 'normal' , 1546438799 , 1546438799) [ RunTime:0.000197s ]
[ 2019-01-02T22:19:59+08:00 ][ sql ] [ SQL ] INSERT INTO `fa_auth_rule` (`id` , `pid` , `name` , `icon` , `title` , `ismenu` , `status` , `createtime` , `updatetime`) VALUES (NULL , 189 , 'general/attachment/edit' , 'fa fa-circle-o' , '编辑' , 0 , 'normal' , 1546438799 , 1546438799) [ RunTime:0.000177s ]
[ 2019-01-02T22:19:59+08:00 ][ sql ] [ SQL ] INSERT INTO `fa_auth_rule` (`id` , `pid` , `name` , `icon` , `title` , `ismenu` , `status` , `createtime` , `updatetime`) VALUES (NULL , 189 , 'general/attachment/multi' , 'fa fa-circle-o' , '批量更新' , 0 , 'normal' , 1546438799 , 1546438799) [ RunTime:0.000220s ]
[ 2019-01-02T22:19:59+08:00 ][ sql ] [ SQL ] SELECT * FROM `fa_auth_rule` WHERE  `name` = 'general' LIMIT 1 [ RunTime:0.000568s ]
[ 2019-01-02T22:19:59+08:00 ][ sql ] [ SQL ] SELECT * FROM `fa_auth_rule` WHERE  `name` = 'general/config' LIMIT 1 [ RunTime:0.000693s ]
[ 2019-01-02T22:19:59+08:00 ][ sql ] [ SQL ] INSERT INTO `fa_auth_rule` (`pid` , `name` , `title` , `icon` , `remark` , `ismenu` , `status` , `createtime` , `updatetime`) VALUES (188 , 'general/config' , '系统配置' , 'fa fa-cogs' , '可以在此增改系统的变量和分组,也可以自定义分组和变量,如果需要删除请从数据库中删除' , 1 , 'normal' , 1546438799 , 1546438799) [ RunTime:0.000618s ]
[ 2019-01-02T22:19:59+08:00 ][ sql ] [ SQL ] SELECT `id` FROM `fa_auth_rule` WHERE  `name` = 'general/config/index' LIMIT 1 [ RunTime:0.000613s ]
[ 2019-01-02T22:19:59+08:00 ][ sql ] [ SQL ] SELECT `id` FROM `fa_auth_rule` WHERE  `name` = 'general/config/add' LIMIT 1 [ RunTime:0.000710s ]
[ 2019-01-02T22:19:59+08:00 ][ sql ] [ SQL ] SELECT `id` FROM `fa_auth_rule` WHERE  `name` = 'general/config/edit' LIMIT 1 [ RunTime:0.000654s ]
[ 2019-01-02T22:19:59+08:00 ][ sql ] [ SQL ] SELECT `id` FROM `fa_auth_rule` WHERE  `name` = 'general/config/del' LIMIT 1 [ RunTime:0.000416s ]
[ 2019-01-02T22:19:59+08:00 ][ sql ] [ SQL ] SELECT `id` FROM `fa_auth_rule` WHERE  `name` = 'general/config/multi' LIMIT 1 [ RunTime:0.000451s ]
[ 2019-01-02T22:19:59+08:00 ][ sql ] [ SQL ] INSERT INTO `fa_auth_rule` (`id` , `pid` , `name` , `icon` , `title` , `ismenu` , `status` , `createtime` , `updatetime`) VALUES (NULL , 196 , 'general/config/index' , 'fa fa-circle-o' , '查看' , 0 , 'normal' , 1546438799 , 1546438799) [ RunTime:0.000401s ]
[ 2019-01-02T22:19:59+08:00 ][ sql ] [ SQL ] INSERT INTO `fa_auth_rule` (`id` , `pid` , `name` , `icon` , `title` , `ismenu` , `status` , `createtime` , `updatetime`) VALUES (NULL , 196 , 'general/config/add' , 'fa fa-circle-o' , '添加' , 0 , 'normal' , 1546438799 , 1546438799) [ RunTime:0.000209s ]
[ 2019-01-02T22:19:59+08:00 ][ sql ] [ SQL ] INSERT INTO `fa_auth_rule` (`id` , `pid` , `name` , `icon` , `title` , `ismenu` , `status` , `createtime` , `updatetime`) VALUES (NULL , 196 , 'general/config/edit' , 'fa fa-circle-o' , '编辑' , 0 , 'normal' , 1546438799 , 1546438799) [ RunTime:0.000214s ]
[ 2019-01-02T22:19:59+08:00 ][ sql ] [ SQL ] INSERT INTO `fa_auth_rule` (`id` , `pid` , `name` , `icon` , `title` , `ismenu` , `status` , `createtime` , `updatetime`) VALUES (NULL , 196 , 'general/config/del' , 'fa fa-circle-o' , '删除' , 0 , 'normal' , 1546438799 , 1546438799) [ RunTime:0.000227s ]
[ 2019-01-02T22:19:59+08:00 ][ sql ] [ SQL ] INSERT INTO `fa_auth_rule` (`id` , `pid` , `name` , `icon` , `title` , `ismenu` , `status` , `createtime` , `updatetime`) VALUES (NULL , 196 , 'general/config/multi' , 'fa fa-circle-o' , '批量更新' , 0 , 'normal' , 1546438799 , 1546438799) [ RunTime:0.000258s ]
[ 2019-01-02T22:19:59+08:00 ][ sql ] [ SQL ] SELECT * FROM `fa_auth_rule` WHERE  `name` = 'general' LIMIT 1 [ RunTime:0.000525s ]
[ 2019-01-02T22:19:59+08:00 ][ sql ] [ SQL ] SELECT * FROM `fa_auth_rule` WHERE  `name` = 'general/profile' LIMIT 1 [ RunTime:0.000468s ]
[ 2019-01-02T22:19:59+08:00 ][ sql ] [ SQL ] INSERT INTO `fa_auth_rule` (`pid` , `name` , `title` , `icon` , `remark` , `ismenu` , `status` , `createtime` , `updatetime`) VALUES (188 , 'general/profile' , '个人配置' , 'fa fa-user' , '' , 1 , 'normal' , 1546438799 , 1546438799) [ RunTime:0.000606s ]
[ 2019-01-02T22:19:59+08:00 ][ sql ] [ SQL ] SELECT `id` FROM `fa_auth_rule` WHERE  `name` = 'general/profile/index' LIMIT 1 [ RunTime:0.000671s ]
[ 2019-01-02T22:19:59+08:00 ][ sql ] [ SQL ] SELECT `id` FROM `fa_auth_rule` WHERE  `name` = 'general/profile/update' LIMIT 1 [ RunTime:0.000370s ]
[ 2019-01-02T22:19:59+08:00 ][ sql ] [ SQL ] SELECT `id` FROM `fa_auth_rule` WHERE  `name` = 'general/profile/add' LIMIT 1 [ RunTime:0.000333s ]
[ 2019-01-02T22:19:59+08:00 ][ sql ] [ SQL ] SELECT `id` FROM `fa_auth_rule` WHERE  `name` = 'general/profile/edit' LIMIT 1 [ RunTime:0.000391s ]
[ 2019-01-02T22:19:59+08:00 ][ sql ] [ SQL ] SELECT `id` FROM `fa_auth_rule` WHERE  `name` = 'general/profile/del' LIMIT 1 [ RunTime:0.000362s ]
[ 2019-01-02T22:19:59+08:00 ][ sql ] [ SQL ] SELECT `id` FROM `fa_auth_rule` WHERE  `name` = 'general/profile/multi' LIMIT 1 [ RunTime:0.000357s ]
[ 2019-01-02T22:19:59+08:00 ][ sql ] [ SQL ] INSERT INTO `fa_auth_rule` (`id` , `pid` , `name` , `icon` , `title` , `ismenu` , `status` , `createtime` , `updatetime`) VALUES (NULL , 202 , 'general/profile/index' , 'fa fa-circle-o' , '查看' , 0 , 'normal' , 1546438799 , 1546438799) [ RunTime:0.000353s ]
[ 2019-01-02T22:19:59+08:00 ][ sql ] [ SQL ] INSERT INTO `fa_auth_rule` (`id` , `pid` , `name` , `icon` , `title` , `ismenu` , `status` , `createtime` , `updatetime`) VALUES (NULL , 202 , 'general/profile/update' , 'fa fa-circle-o' , '更新个人信息' , 0 , 'normal' , 1546438799 , 1546438799) [ RunTime:0.000203s ]
[ 2019-01-02T22:19:59+08:00 ][ sql ] [ SQL ] INSERT INTO `fa_auth_rule` (`id` , `pid` , `name` , `icon` , `title` , `ismenu` , `status` , `createtime` , `updatetime`) VALUES (NULL , 202 , 'general/profile/add' , 'fa fa-circle-o' , '添加' , 0 , 'normal' , 1546438799 , 1546438799) [ RunTime:0.000207s ]
[ 2019-01-02T22:19:59+08:00 ][ sql ] [ SQL ] INSERT INTO `fa_auth_rule` (`id` , `pid` , `name` , `icon` , `title` , `ismenu` , `status` , `createtime` , `updatetime`) VALUES (NULL , 202 , 'general/profile/edit' , 'fa fa-circle-o' , '编辑' , 0 , 'normal' , 1546438799 , 1546438799) [ RunTime:0.000238s ]
[ 2019-01-02T22:19:59+08:00 ][ sql ] [ SQL ] INSERT INTO `fa_auth_rule` (`id` , `pid` , `name` , `icon` , `title` , `ismenu` , `status` , `createtime` , `updatetime`) VALUES (NULL , 202 , 'general/profile/del' , 'fa fa-circle-o' , '删除' , 0 , 'normal' , 1546438799 , 1546438799) [ RunTime:0.000248s ]
[ 2019-01-02T22:19:59+08:00 ][ sql ] [ SQL ] INSERT INTO `fa_auth_rule` (`id` , `pid` , `name` , `icon` , `title` , `ismenu` , `status` , `createtime` , `updatetime`) VALUES (NULL , 202 , 'general/profile/multi' , 'fa fa-circle-o' , '批量更新' , 0 , 'normal' , 1546438799 , 1546438799) [ RunTime:0.000263s ]
[ 2019-01-02T22:19:59+08:00 ][ sql ] [ SQL ] SELECT * FROM `fa_auth_rule` WHERE  `name` = 'user' LIMIT 1 [ RunTime:0.000508s ]
[ 2019-01-02T22:19:59+08:00 ][ sql ] [ SQL ] INSERT INTO `fa_auth_rule` (`pid` , `name` , `title` , `icon` , `remark` , `ismenu` , `status` , `createtime` , `updatetime`) VALUES (0 , 'user' , 'user' , 'fa fa-list' , '' , 1 , 'normal' , 1546438799 , 1546438799) [ RunTime:0.000778s ]
[ 2019-01-02T22:19:59+08:00 ][ sql ] [ SQL ] SELECT * FROM `fa_auth_rule` WHERE  `name` = 'user/group' LIMIT 1 [ RunTime:0.000480s ]
[ 2019-01-02T22:19:59+08:00 ][ sql ] [ SQL ] INSERT INTO `fa_auth_rule` (`pid` , `name` , `title` , `icon` , `remark` , `ismenu` , `status` , `createtime` , `updatetime`) VALUES (209 , 'user/group' , '会员组管理' , 'fa fa-users' , '' , 1 , 'normal' , 1546438799 , 1546438799) [ RunTime:0.000615s ]
[ 2019-01-02T22:19:59+08:00 ][ sql ] [ SQL ] SELECT `id` FROM `fa_auth_rule` WHERE  `name` = 'user/group/add' LIMIT 1 [ RunTime:0.000350s ]
[ 2019-01-02T22:19:59+08:00 ][ sql ] [ SQL ] SELECT `id` FROM `fa_auth_rule` WHERE  `name` = 'user/group/edit' LIMIT 1 [ RunTime:0.000359s ]
[ 2019-01-02T22:19:59+08:00 ][ sql ] [ SQL ] SELECT `id` FROM `fa_auth_rule` WHERE  `name` = 'user/group/index' LIMIT 1 [ RunTime:0.000316s ]
[ 2019-01-02T22:19:59+08:00 ][ sql ] [ SQL ] SELECT `id` FROM `fa_auth_rule` WHERE  `name` = 'user/group/del' LIMIT 1 [ RunTime:0.000368s ]
[ 2019-01-02T22:19:59+08:00 ][ sql ] [ SQL ] SELECT `id` FROM `fa_auth_rule` WHERE  `name` = 'user/group/multi' LIMIT 1 [ RunTime:0.000359s ]
[ 2019-01-02T22:19:59+08:00 ][ sql ] [ SQL ] INSERT INTO `fa_auth_rule` (`id` , `pid` , `name` , `icon` , `title` , `ismenu` , `status` , `createtime` , `updatetime`) VALUES (NULL , 210 , 'user/group/add' , 'fa fa-circle-o' , 'Add' , 0 , 'normal' , 1546438799 , 1546438799) [ RunTime:0.000359s ]
[ 2019-01-02T22:19:59+08:00 ][ sql ] [ SQL ] INSERT INTO `fa_auth_rule` (`id` , `pid` , `name` , `icon` , `title` , `ismenu` , `status` , `createtime` , `updatetime`) VALUES (NULL , 210 , 'user/group/edit' , 'fa fa-circle-o' , 'Edit' , 0 , 'normal' , 1546438799 , 1546438799) [ RunTime:0.000176s ]
[ 2019-01-02T22:19:59+08:00 ][ sql ] [ SQL ] INSERT INTO `fa_auth_rule` (`id` , `pid` , `name` , `icon` , `title` , `ismenu` , `status` , `createtime` , `updatetime`) VALUES (NULL , 210 , 'user/group/index' , 'fa fa-circle-o' , '查看' , 0 , 'normal' , 1546438799 , 1546438799) [ RunTime:0.000191s ]
[ 2019-01-02T22:19:59+08:00 ][ sql ] [ SQL ] INSERT INTO `fa_auth_rule` (`id` , `pid` , `name` , `icon` , `title` , `ismenu` , `status` , `createtime` , `updatetime`) VALUES (NULL , 210 , 'user/group/del' , 'fa fa-circle-o' , '删除' , 0 , 'normal' , 1546438799 , 1546438799) [ RunTime:0.000199s ]
[ 2019-01-02T22:19:59+08:00 ][ sql ] [ SQL ] INSERT INTO `fa_auth_rule` (`id` , `pid` , `name` , `icon` , `title` , `ismenu` , `status` , `createtime` , `updatetime`) VALUES (NULL , 210 , 'user/group/multi' , 'fa fa-circle-o' , '批量更新' , 0 , 'normal' , 1546438799 , 1546438799) [ RunTime:0.000180s ]
[ 2019-01-02T22:19:59+08:00 ][ sql ] [ SQL ] SELECT * FROM `fa_auth_rule` WHERE  `name` = 'user' LIMIT 1 [ RunTime:0.000580s ]
[ 2019-01-02T22:19:59+08:00 ][ sql ] [ SQL ] SELECT * FROM `fa_auth_rule` WHERE  `name` = 'user/rule' LIMIT 1 [ RunTime:0.000472s ]
[ 2019-01-02T22:19:59+08:00 ][ sql ] [ SQL ] INSERT INTO `fa_auth_rule` (`pid` , `name` , `title` , `icon` , `remark` , `ismenu` , `status` , `createtime` , `updatetime`) VALUES (209 , 'user/rule' , '会员规则管理' , 'fa fa-circle-o' , '' , 1 , 'normal' , 1546438799 , 1546438799) [ RunTime:0.000608s ]
[ 2019-01-02T22:19:59+08:00 ][ sql ] [ SQL ] SELECT `id` FROM `fa_auth_rule` WHERE  `name` = 'user/rule/index' LIMIT 1 [ RunTime:0.000377s ]
[ 2019-01-02T22:19:59+08:00 ][ sql ] [ SQL ] SELECT `id` FROM `fa_auth_rule` WHERE  `name` = 'user/rule/del' LIMIT 1 [ RunTime:0.000365s ]
[ 2019-01-02T22:19:59+08:00 ][ sql ] [ SQL ] SELECT `id` FROM `fa_auth_rule` WHERE  `name` = 'user/rule/add' LIMIT 1 [ RunTime:0.000338s ]
[ 2019-01-02T22:19:59+08:00 ][ sql ] [ SQL ] SELECT `id` FROM `fa_auth_rule` WHERE  `name` = 'user/rule/edit' LIMIT 1 [ RunTime:0.000380s ]
[ 2019-01-02T22:19:59+08:00 ][ sql ] [ SQL ] SELECT `id` FROM `fa_auth_rule` WHERE  `name` = 'user/rule/multi' LIMIT 1 [ RunTime:0.000363s ]
[ 2019-01-02T22:19:59+08:00 ][ sql ] [ SQL ] INSERT INTO `fa_auth_rule` (`id` , `pid` , `name` , `icon` , `title` , `ismenu` , `status` , `createtime` , `updatetime`) VALUES (NULL , 216 , 'user/rule/index' , 'fa fa-circle-o' , '查看' , 0 , 'normal' , 1546438799 , 1546438799) [ RunTime:0.000403s ]
[ 2019-01-02T22:19:59+08:00 ][ sql ] [ SQL ] INSERT INTO `fa_auth_rule` (`id` , `pid` , `name` , `icon` , `title` , `ismenu` , `status` , `createtime` , `updatetime`) VALUES (NULL , 216 , 'user/rule/del' , 'fa fa-circle-o' , '删除' , 0 , 'normal' , 1546438799 , 1546438799) [ RunTime:0.000259s ]
[ 2019-01-02T22:19:59+08:00 ][ sql ] [ SQL ] INSERT INTO `fa_auth_rule` (`id` , `pid` , `name` , `icon` , `title` , `ismenu` , `status` , `createtime` , `updatetime`) VALUES (NULL , 216 , 'user/rule/add' , 'fa fa-circle-o' , '添加' , 0 , 'normal' , 1546438799 , 1546438799) [ RunTime:0.000186s ]
[ 2019-01-02T22:19:59+08:00 ][ sql ] [ SQL ] INSERT INTO `fa_auth_rule` (`id` , `pid` , `name` , `icon` , `title` , `ismenu` , `status` , `createtime` , `updatetime`) VALUES (NULL , 216 , 'user/rule/edit' , 'fa fa-circle-o' , '编辑' , 0 , 'normal' , 1546438799 , 1546438799) [ RunTime:0.000185s ]
[ 2019-01-02T22:19:59+08:00 ][ sql ] [ SQL ] INSERT INTO `fa_auth_rule` (`id` , `pid` , `name` , `icon` , `title` , `ismenu` , `status` , `createtime` , `updatetime`) VALUES (NULL , 216 , 'user/rule/multi' , 'fa fa-circle-o' , '批量更新' , 0 , 'normal' , 1546438799 , 1546438799) [ RunTime:0.000229s ]
[ 2019-01-02T22:19:59+08:00 ][ sql ] [ SQL ] SELECT * FROM `fa_auth_rule` WHERE  `name` = 'user' LIMIT 1 [ RunTime:0.000584s ]
[ 2019-01-02T22:19:59+08:00 ][ sql ] [ SQL ] SELECT * FROM `fa_auth_rule` WHERE  `name` = 'user/user' LIMIT 1 [ RunTime:0.000492s ]
[ 2019-01-02T22:19:59+08:00 ][ sql ] [ SQL ] INSERT INTO `fa_auth_rule` (`pid` , `name` , `title` , `icon` , `remark` , `ismenu` , `status` , `createtime` , `updatetime`) VALUES (209 , 'user/user' , '会员管理' , 'fa fa-user' , '' , 1 , 'normal' , 1546438799 , 1546438799) [ RunTime:0.000622s ]
[ 2019-01-02T22:19:59+08:00 ][ sql ] [ SQL ] SELECT `id` FROM `fa_auth_rule` WHERE  `name` = 'user/user/index' LIMIT 1 [ RunTime:0.000406s ]
[ 2019-01-02T22:19:59+08:00 ][ sql ] [ SQL ] SELECT `id` FROM `fa_auth_rule` WHERE  `name` = 'user/user/edit' LIMIT 1 [ RunTime:0.000325s ]
[ 2019-01-02T22:19:59+08:00 ][ sql ] [ SQL ] SELECT `id` FROM `fa_auth_rule` WHERE  `name` = 'user/user/add' LIMIT 1 [ RunTime:0.000388s ]
[ 2019-01-02T22:19:59+08:00 ][ sql ] [ SQL ] SELECT `id` FROM `fa_auth_rule` WHERE  `name` = 'user/user/del' LIMIT 1 [ RunTime:0.000332s ]
[ 2019-01-02T22:19:59+08:00 ][ sql ] [ SQL ] SELECT `id` FROM `fa_auth_rule` WHERE  `name` = 'user/user/multi' LIMIT 1 [ RunTime:0.000334s ]
[ 2019-01-02T22:19:59+08:00 ][ sql ] [ SQL ] INSERT INTO `fa_auth_rule` (`id` , `pid` , `name` , `icon` , `title` , `ismenu` , `status` , `createtime` , `updatetime`) VALUES (NULL , 222 , 'user/user/index' , 'fa fa-circle-o' , '查看' , 0 , 'normal' , 1546438799 , 1546438799) [ RunTime:0.000382s ]
[ 2019-01-02T22:19:59+08:00 ][ sql ] [ SQL ] INSERT INTO `fa_auth_rule` (`id` , `pid` , `name` , `icon` , `title` , `ismenu` , `status` , `createtime` , `updatetime`) VALUES (NULL , 222 , 'user/user/edit' , 'fa fa-circle-o' , '编辑' , 0 , 'normal' , 1546438799 , 1546438799) [ RunTime:0.000193s ]
[ 2019-01-02T22:19:59+08:00 ][ sql ] [ SQL ] INSERT INTO `fa_auth_rule` (`id` , `pid` , `name` , `icon` , `title` , `ismenu` , `status` , `createtime` , `updatetime`) VALUES (NULL , 222 , 'user/user/add' , 'fa fa-circle-o' , '添加' , 0 , 'normal' , 1546438799 , 1546438799) [ RunTime:0.000184s ]
[ 2019-01-02T22:19:59+08:00 ][ sql ] [ SQL ] INSERT INTO `fa_auth_rule` (`id` , `pid` , `name` , `icon` , `title` , `ismenu` , `status` , `createtime` , `updatetime`) VALUES (NULL , 222 , 'user/user/del' , 'fa fa-circle-o' , '删除' , 0 , 'normal' , 1546438799 , 1546438799) [ RunTime:0.000187s ]
[ 2019-01-02T22:19:59+08:00 ][ sql ] [ SQL ] INSERT INTO `fa_auth_rule` (`id` , `pid` , `name` , `icon` , `title` , `ismenu` , `status` , `createtime` , `updatetime`) VALUES (NULL , 222 , 'user/user/multi' , 'fa fa-circle-o' , '批量更新' , 0 , 'normal' , 1546438799 , 1546438799) [ RunTime:0.000191s ]
[ 2019-01-02T22:21:13+08:00 ][ sql ] [ DB ] CONNECT:[ UseTime:0.000922s ] mysql:host=127.0.0.1;dbname=fastadmin;charset=utf8
[ 2019-01-02T22:21:13+08:00 ][ sql ] [ SQL ] SHOW TABLE STATUS LIKE 'user_delivery' [ RunTime:0.000731s ]
[ 2019-01-02T22:21:13+08:00 ][ sql ] [ SQL ] SELECT * FROM `information_schema`.`columns` WHERE TABLE_SCHEMA = 'fastadmin' AND table_name = 'user_delivery' ORDER BY ORDINAL_POSITION [ RunTime:0.002282s ]
[ 2019-01-02T22:21:13+08:00 ][ sql ] [ DB ] CONNECT:[ UseTime:0.001207s ] mysql:host=127.0.0.1;dbname=fastadmin;charset=utf8
[ 2019-01-02T22:21:13+08:00 ][ sql ] [ SQL ] SHOW COLUMNS FROM `fa_auth_rule` [ RunTime:0.000758s ]
[ 2019-01-02T22:21:13+08:00 ][ sql ] [ SQL ] SELECT * FROM `fa_auth_rule` WHERE  `name` = 'user' LIMIT 1 [ RunTime:0.000513s ]
[ 2019-01-02T22:21:13+08:00 ][ sql ] [ SQL ] SELECT * FROM `fa_auth_rule` WHERE  `name` = 'user/delivery' LIMIT 1 [ RunTime:0.000461s ]
[ 2019-01-02T22:21:13+08:00 ][ sql ] [ SQL ] INSERT INTO `fa_auth_rule` (`pid` , `name` , `title` , `icon` , `remark` , `ismenu` , `status` , `createtime` , `updatetime`) VALUES (209 , 'user/delivery' , '配送员管理' , 'fa fa-circle-o' , '' , 1 , 'normal' , 1546438873 , 1546438873) [ RunTime:0.000612s ]
[ 2019-01-02T22:21:13+08:00 ][ sql ] [ SQL ] SELECT `id` FROM `fa_auth_rule` WHERE  `name` = 'user/delivery/index' LIMIT 1 [ RunTime:0.000390s ]
[ 2019-01-02T22:21:13+08:00 ][ sql ] [ SQL ] SELECT `id` FROM `fa_auth_rule` WHERE  `name` = 'user/delivery/add' LIMIT 1 [ RunTime:0.000340s ]
[ 2019-01-02T22:21:13+08:00 ][ sql ] [ SQL ] SELECT `id` FROM `fa_auth_rule` WHERE  `name` = 'user/delivery/edit' LIMIT 1 [ RunTime:0.000420s ]
[ 2019-01-02T22:21:13+08:00 ][ sql ] [ SQL ] SELECT `id` FROM `fa_auth_rule` WHERE  `name` = 'user/delivery/del' LIMIT 1 [ RunTime:0.000398s ]
[ 2019-01-02T22:21:13+08:00 ][ sql ] [ SQL ] SELECT `id` FROM `fa_auth_rule` WHERE  `name` = 'user/delivery/multi' LIMIT 1 [ RunTime:0.000322s ]
[ 2019-01-02T22:21:13+08:00 ][ sql ] [ SQL ] INSERT INTO `fa_auth_rule` (`id` , `pid` , `name` , `icon` , `title` , `ismenu` , `status` , `createtime` , `updatetime`) VALUES (NULL , 228 , 'user/delivery/index' , 'fa fa-circle-o' , '查看' , 0 , 'normal' , 1546438873 , 1546438873) [ RunTime:0.000389s ]
[ 2019-01-02T22:21:13+08:00 ][ sql ] [ SQL ] INSERT INTO `fa_auth_rule` (`id` , `pid` , `name` , `icon` , `title` , `ismenu` , `status` , `createtime` , `updatetime`) VALUES (NULL , 228 , 'user/delivery/add' , 'fa fa-circle-o' , '添加' , 0 , 'normal' , 1546438873 , 1546438873) [ RunTime:0.000192s ]
[ 2019-01-02T22:21:13+08:00 ][ sql ] [ SQL ] INSERT INTO `fa_auth_rule` (`id` , `pid` , `name` , `icon` , `title` , `ismenu` , `status` , `createtime` , `updatetime`) VALUES (NULL , 228 , 'user/delivery/edit' , 'fa fa-circle-o' , '编辑' , 0 , 'normal' , 1546438873 , 1546438873) [ RunTime:0.000177s ]
[ 2019-01-02T22:21:13+08:00 ][ sql ] [ SQL ] INSERT INTO `fa_auth_rule` (`id` , `pid` , `name` , `icon` , `title` , `ismenu` , `status` , `createtime` , `updatetime`) VALUES (NULL , 228 , 'user/delivery/del' , 'fa fa-circle-o' , '删除' , 0 , 'normal' , 1546438873 , 1546438873) [ RunTime:0.000175s ]
[ 2019-01-02T22:21:13+08:00 ][ sql ] [ SQL ] INSERT INTO `fa_auth_rule` (`id` , `pid` , `name` , `icon` , `title` , `ismenu` , `status` , `createtime` , `updatetime`) VALUES (NULL , 228 , 'user/delivery/multi' , 'fa fa-circle-o' , '批量更新' , 0 , 'normal' , 1546438873 , 1546438873) [ RunTime:0.000158s ]
